<?xml version="1.0" encoding="utf-8"?>
<coverage line-rate="0.18780000000000002" branch-rate="0.0368" version="1.9" timestamp="1667500863" lines-covered="71" lines-valid="378" branches-covered="12" branches-valid="326">
  <sources />
  <packages>
    <package name="StirlingLabs.MsQuic.Bindings" line-rate="0.18780000000000002" branch-rate="0.0368" complexity="518">
      <classes>
        <class name="StirlingLabs.MsQuic.Bindings.QUIC_BUFFER" filename="/home/runner/work/MsQuic.Net/MsQuic.Net/StirlingLabs.MsQuic.Bindings/Compatibility/QUIC_BUFFER.cs" line-rate="0.11109999999999999" branch-rate="0" complexity="9">
          <methods>
            <method name="get_ReadOnlySpan" signature="()" line-rate="1" branch-rate="1" complexity="1">
              <lines>
                <line number="10" hits="8" branch="False" />
              </lines>
            </method>
            <method name="op_Implicit" signature="(StirlingLabs.MsQuic.Bindings.QUIC_BUFFER)" line-rate="0" branch-rate="1" complexity="1">
              <lines>
                <line number="13" hits="0" branch="False" />
              </lines>
            </method>
            <method name="op_Implicit" signature="(StirlingLabs.MsQuic.Bindings.QUIC_BUFFER)" line-rate="0" branch-rate="1" complexity="1">
              <lines>
                <line number="16" hits="0" branch="False" />
              </lines>
            </method>
            <method name="Equals" signature="(StirlingLabs.MsQuic.Bindings.QUIC_BUFFER)" line-rate="0" branch-rate="0" complexity="2">
              <lines>
                <line number="21" hits="0" branch="True" condition-coverage="0% (0/2)">
                  <conditions>
                    <condition number="12" type="jump" coverage="0%" />
                  </conditions>
                </line>
                <line number="22" hits="0" branch="False" />
              </lines>
            </method>
            <method name="Equals" signature="(System.Object)" line-rate="0" branch-rate="1" complexity="1">
              <lines>
                <line number="26" hits="0" branch="False" />
              </lines>
            </method>
            <method name="op_Equality" signature="(StirlingLabs.MsQuic.Bindings.QUIC_BUFFER,StirlingLabs.MsQuic.Bindings.QUIC_BUFFER)" line-rate="0" branch-rate="1" complexity="1">
              <lines>
                <line number="30" hits="0" branch="False" />
              </lines>
            </method>
            <method name="op_Inequality" signature="(StirlingLabs.MsQuic.Bindings.QUIC_BUFFER,StirlingLabs.MsQuic.Bindings.QUIC_BUFFER)" line-rate="0" branch-rate="1" complexity="1">
              <lines>
                <line number="34" hits="0" branch="False" />
              </lines>
            </method>
            <method name="GetHashCode" signature="()" line-rate="0" branch-rate="1" complexity="1">
              <lines>
                <line number="38" hits="0" branch="False" />
              </lines>
            </method>
          </methods>
          <lines>
            <line number="10" hits="8" branch="False" />
            <line number="13" hits="0" branch="False" />
            <line number="16" hits="0" branch="False" />
            <line number="21" hits="0" branch="True" condition-coverage="0% (0/2)">
              <conditions>
                <condition number="12" type="jump" coverage="0%" />
              </conditions>
            </line>
            <line number="22" hits="0" branch="False" />
            <line number="26" hits="0" branch="False" />
            <line number="30" hits="0" branch="False" />
            <line number="34" hits="0" branch="False" />
            <line number="38" hits="0" branch="False" />
          </lines>
        </class>
        <class name="StirlingLabs.MsQuic.Bindings.QUIC_BUFFER" filename="/home/runner/work/MsQuic.Net/MsQuic.Net/StirlingLabs.MsQuic.Bindings/Imported/msquic.cs" line-rate="1" branch-rate="1" complexity="1">
          <methods>
            <method name="get_Span" signature="()" line-rate="1" branch-rate="1" complexity="1">
              <lines>
                <line number="24" hits="24" branch="False" />
              </lines>
            </method>
          </methods>
          <lines>
            <line number="24" hits="24" branch="False" />
          </lines>
        </class>
        <class name="StirlingLabs.MsQuic.Bindings.MsQuic" filename="/home/runner/work/MsQuic.Net/MsQuic.Net/StirlingLabs.MsQuic.Bindings/Imported/msquic.cs" line-rate="0.25489999999999996" branch-rate="0.0394" complexity="230">
          <methods>
            <method name="Open" signature="()" line-rate="1" branch-rate="1" complexity="1">
              <lines>
                <line number="32" hits="21" branch="False" />
                <line number="33" hits="21" branch="False" />
                <line number="34" hits="21" branch="False" />
              </lines>
            </method>
            <method name="Close" signature="(StirlingLabs.MsQuic.Bindings.QUIC_API_TABLE*)" line-rate="1" branch-rate="1" complexity="1">
              <lines>
                <line number="39" hits="21" branch="False" />
                <line number="40" hits="21" branch="False" />
              </lines>
            </method>
            <method name="ThrowIfFailure" signature="(System.Int32,System.String)" line-rate="0.6666" branch-rate="0.5" complexity="2">
              <lines>
                <line number="44" hits="21" branch="True" condition-coverage="50% (1/2)">
                  <conditions>
                    <condition number="6" type="jump" coverage="50%" />
                  </conditions>
                </line>
                <line number="47" hits="0" branch="False" />
                <line number="49" hits="21" branch="False" />
              </lines>
            </method>
            <method name="StatusSucceeded" signature="(System.Int32)" line-rate="0.6666" branch-rate="0.5" complexity="2">
              <lines>
                <line number="53" hits="217" branch="True" condition-coverage="50% (1/2)">
                  <conditions>
                    <condition number="5" type="jump" coverage="50%" />
                  </conditions>
                </line>
                <line number="55" hits="0" branch="False" />
                <line number="59" hits="217" branch="False" />
              </lines>
            </method>
            <method name="StatusFailed" signature="(System.Int32)" line-rate="0.6666" branch-rate="0.5" complexity="2">
              <lines>
                <line number="65" hits="53" branch="True" condition-coverage="50% (1/2)">
                  <conditions>
                    <condition number="5" type="jump" coverage="50%" />
                  </conditions>
                </line>
                <line number="67" hits="0" branch="False" />
                <line number="71" hits="53" branch="False" />
              </lines>
            </method>
            <method name="get_QUIC_STATUS_SUCCESS" signature="()" line-rate="1" branch-rate="0.5" complexity="6">
              <lines>
                <line number="75" hits="181" branch="True" condition-coverage="50% (3/6)">
                  <conditions>
                    <condition number="5" type="jump" coverage="50%" />
                    <condition number="12" type="jump" coverage="50%" />
                    <condition number="19" type="jump" coverage="50%" />
                  </conditions>
                </line>
              </lines>
            </method>
            <method name="get_QUIC_STATUS_PENDING" signature="()" line-rate="1" branch-rate="0.5" complexity="6">
              <lines>
                <line number="76" hits="51" branch="True" condition-coverage="50% (3/6)">
                  <conditions>
                    <condition number="5" type="jump" coverage="50%" />
                    <condition number="12" type="jump" coverage="50%" />
                    <condition number="19" type="jump" coverage="50%" />
                  </conditions>
                </line>
              </lines>
            </method>
            <method name="get_QUIC_STATUS_CONTINUE" signature="()" line-rate="0" branch-rate="0" complexity="6">
              <lines>
                <line number="77" hits="0" branch="True" condition-coverage="0% (0/6)">
                  <conditions>
                    <condition number="5" type="jump" coverage="0%" />
                    <condition number="12" type="jump" coverage="0%" />
                    <condition number="19" type="jump" coverage="0%" />
                  </conditions>
                </line>
              </lines>
            </method>
            <method name="get_QUIC_STATUS_OUT_OF_MEMORY" signature="()" line-rate="0" branch-rate="0" complexity="6">
              <lines>
                <line number="78" hits="0" branch="True" condition-coverage="0% (0/6)">
                  <conditions>
                    <condition number="5" type="jump" coverage="0%" />
                    <condition number="12" type="jump" coverage="0%" />
                    <condition number="19" type="jump" coverage="0%" />
                  </conditions>
                </line>
              </lines>
            </method>
            <method name="get_QUIC_STATUS_INVALID_PARAMETER" signature="()" line-rate="0" branch-rate="0" complexity="6">
              <lines>
                <line number="79" hits="0" branch="True" condition-coverage="0% (0/6)">
                  <conditions>
                    <condition number="5" type="jump" coverage="0%" />
                    <condition number="12" type="jump" coverage="0%" />
                    <condition number="19" type="jump" coverage="0%" />
                  </conditions>
                </line>
              </lines>
            </method>
            <method name="get_QUIC_STATUS_INVALID_STATE" signature="()" line-rate="0" branch-rate="0" complexity="6">
              <lines>
                <line number="80" hits="0" branch="True" condition-coverage="0% (0/6)">
                  <conditions>
                    <condition number="5" type="jump" coverage="0%" />
                    <condition number="12" type="jump" coverage="0%" />
                    <condition number="19" type="jump" coverage="0%" />
                  </conditions>
                </line>
              </lines>
            </method>
            <method name="get_QUIC_STATUS_NOT_SUPPORTED" signature="()" line-rate="0" branch-rate="0" complexity="6">
              <lines>
                <line number="81" hits="0" branch="True" condition-coverage="0% (0/6)">
                  <conditions>
                    <condition number="5" type="jump" coverage="0%" />
                    <condition number="12" type="jump" coverage="0%" />
                    <condition number="19" type="jump" coverage="0%" />
                  </conditions>
                </line>
              </lines>
            </method>
            <method name="get_QUIC_STATUS_NOT_FOUND" signature="()" line-rate="0" branch-rate="0" complexity="6">
              <lines>
                <line number="82" hits="0" branch="True" condition-coverage="0% (0/6)">
                  <conditions>
                    <condition number="5" type="jump" coverage="0%" />
                    <condition number="12" type="jump" coverage="0%" />
                    <condition number="19" type="jump" coverage="0%" />
                  </conditions>
                </line>
              </lines>
            </method>
            <method name="get_QUIC_STATUS_BUFFER_TOO_SMALL" signature="()" line-rate="0" branch-rate="0" complexity="6">
              <lines>
                <line number="83" hits="0" branch="True" condition-coverage="0% (0/6)">
                  <conditions>
                    <condition number="5" type="jump" coverage="0%" />
                    <condition number="12" type="jump" coverage="0%" />
                    <condition number="19" type="jump" coverage="0%" />
                  </conditions>
                </line>
              </lines>
            </method>
            <method name="get_QUIC_STATUS_HANDSHAKE_FAILURE" signature="()" line-rate="0" branch-rate="0" complexity="6">
              <lines>
                <line number="84" hits="0" branch="True" condition-coverage="0% (0/6)">
                  <conditions>
                    <condition number="5" type="jump" coverage="0%" />
                    <condition number="12" type="jump" coverage="0%" />
                    <condition number="19" type="jump" coverage="0%" />
                  </conditions>
                </line>
              </lines>
            </method>
            <method name="get_QUIC_STATUS_ABORTED" signature="()" line-rate="0" branch-rate="0" complexity="6">
              <lines>
                <line number="85" hits="0" branch="True" condition-coverage="0% (0/6)">
                  <conditions>
                    <condition number="5" type="jump" coverage="0%" />
                    <condition number="12" type="jump" coverage="0%" />
                    <condition number="19" type="jump" coverage="0%" />
                  </conditions>
                </line>
              </lines>
            </method>
            <method name="get_QUIC_STATUS_ADDRESS_IN_USE" signature="()" line-rate="0" branch-rate="0" complexity="6">
              <lines>
                <line number="86" hits="0" branch="True" condition-coverage="0% (0/6)">
                  <conditions>
                    <condition number="5" type="jump" coverage="0%" />
                    <condition number="12" type="jump" coverage="0%" />
                    <condition number="19" type="jump" coverage="0%" />
                  </conditions>
                </line>
              </lines>
            </method>
            <method name="get_QUIC_STATUS_INVALID_ADDRESS" signature="()" line-rate="0" branch-rate="0" complexity="6">
              <lines>
                <line number="87" hits="0" branch="True" condition-coverage="0% (0/6)">
                  <conditions>
                    <condition number="5" type="jump" coverage="0%" />
                    <condition number="12" type="jump" coverage="0%" />
                    <condition number="19" type="jump" coverage="0%" />
                  </conditions>
                </line>
              </lines>
            </method>
            <method name="get_QUIC_STATUS_CONNECTION_TIMEOUT" signature="()" line-rate="0" branch-rate="0" complexity="6">
              <lines>
                <line number="88" hits="0" branch="True" condition-coverage="0% (0/6)">
                  <conditions>
                    <condition number="5" type="jump" coverage="0%" />
                    <condition number="12" type="jump" coverage="0%" />
                    <condition number="19" type="jump" coverage="0%" />
                  </conditions>
                </line>
              </lines>
            </method>
            <method name="get_QUIC_STATUS_CONNECTION_IDLE" signature="()" line-rate="0" branch-rate="0" complexity="6">
              <lines>
                <line number="89" hits="0" branch="True" condition-coverage="0% (0/6)">
                  <conditions>
                    <condition number="5" type="jump" coverage="0%" />
                    <condition number="12" type="jump" coverage="0%" />
                    <condition number="19" type="jump" coverage="0%" />
                  </conditions>
                </line>
              </lines>
            </method>
            <method name="get_QUIC_STATUS_UNREACHABLE" signature="()" line-rate="0" branch-rate="0" complexity="6">
              <lines>
                <line number="90" hits="0" branch="True" condition-coverage="0% (0/6)">
                  <conditions>
                    <condition number="5" type="jump" coverage="0%" />
                    <condition number="12" type="jump" coverage="0%" />
                    <condition number="19" type="jump" coverage="0%" />
                  </conditions>
                </line>
              </lines>
            </method>
            <method name="get_QUIC_STATUS_INTERNAL_ERROR" signature="()" line-rate="0" branch-rate="0" complexity="6">
              <lines>
                <line number="91" hits="0" branch="True" condition-coverage="0% (0/6)">
                  <conditions>
                    <condition number="5" type="jump" coverage="0%" />
                    <condition number="12" type="jump" coverage="0%" />
                    <condition number="19" type="jump" coverage="0%" />
                  </conditions>
                </line>
              </lines>
            </method>
            <method name="get_QUIC_STATUS_CONNECTION_REFUSED" signature="()" line-rate="0" branch-rate="0" complexity="6">
              <lines>
                <line number="92" hits="0" branch="True" condition-coverage="0% (0/6)">
                  <conditions>
                    <condition number="5" type="jump" coverage="0%" />
                    <condition number="12" type="jump" coverage="0%" />
                    <condition number="19" type="jump" coverage="0%" />
                  </conditions>
                </line>
              </lines>
            </method>
            <method name="get_QUIC_STATUS_PROTOCOL_ERROR" signature="()" line-rate="0" branch-rate="0" complexity="6">
              <lines>
                <line number="93" hits="0" branch="True" condition-coverage="0% (0/6)">
                  <conditions>
                    <condition number="5" type="jump" coverage="0%" />
                    <condition number="12" type="jump" coverage="0%" />
                    <condition number="19" type="jump" coverage="0%" />
                  </conditions>
                </line>
              </lines>
            </method>
            <method name="get_QUIC_STATUS_VER_NEG_ERROR" signature="()" line-rate="0" branch-rate="0" complexity="6">
              <lines>
                <line number="94" hits="0" branch="True" condition-coverage="0% (0/6)">
                  <conditions>
                    <condition number="5" type="jump" coverage="0%" />
                    <condition number="12" type="jump" coverage="0%" />
                    <condition number="19" type="jump" coverage="0%" />
                  </conditions>
                </line>
              </lines>
            </method>
            <method name="get_QUIC_STATUS_TLS_ERROR" signature="()" line-rate="0" branch-rate="0" complexity="6">
              <lines>
                <line number="95" hits="0" branch="True" condition-coverage="0% (0/6)">
                  <conditions>
                    <condition number="5" type="jump" coverage="0%" />
                    <condition number="12" type="jump" coverage="0%" />
                    <condition number="19" type="jump" coverage="0%" />
                  </conditions>
                </line>
              </lines>
            </method>
            <method name="get_QUIC_STATUS_USER_CANCELED" signature="()" line-rate="0" branch-rate="0" complexity="6">
              <lines>
                <line number="96" hits="0" branch="True" condition-coverage="0% (0/6)">
                  <conditions>
                    <condition number="5" type="jump" coverage="0%" />
                    <condition number="12" type="jump" coverage="0%" />
                    <condition number="19" type="jump" coverage="0%" />
                  </conditions>
                </line>
              </lines>
            </method>
            <method name="get_QUIC_STATUS_ALPN_NEG_FAILURE" signature="()" line-rate="0" branch-rate="0" complexity="6">
              <lines>
                <line number="97" hits="0" branch="True" condition-coverage="0% (0/6)">
                  <conditions>
                    <condition number="5" type="jump" coverage="0%" />
                    <condition number="12" type="jump" coverage="0%" />
                    <condition number="19" type="jump" coverage="0%" />
                  </conditions>
                </line>
              </lines>
            </method>
            <method name="get_QUIC_STATUS_STREAM_LIMIT_REACHED" signature="()" line-rate="0" branch-rate="0" complexity="6">
              <lines>
                <line number="98" hits="0" branch="True" condition-coverage="0% (0/6)">
                  <conditions>
                    <condition number="5" type="jump" coverage="0%" />
                    <condition number="12" type="jump" coverage="0%" />
                    <condition number="19" type="jump" coverage="0%" />
                  </conditions>
                </line>
              </lines>
            </method>
            <method name="get_QUIC_STATUS_CLOSE_NOTIFY" signature="()" line-rate="0" branch-rate="0" complexity="6">
              <lines>
                <line number="99" hits="0" branch="True" condition-coverage="0% (0/6)">
                  <conditions>
                    <condition number="5" type="jump" coverage="0%" />
                    <condition number="12" type="jump" coverage="0%" />
                    <condition number="19" type="jump" coverage="0%" />
                  </conditions>
                </line>
              </lines>
            </method>
            <method name="get_QUIC_STATUS_BAD_CERTIFICATE" signature="()" line-rate="0" branch-rate="0" complexity="6">
              <lines>
                <line number="100" hits="0" branch="True" condition-coverage="0% (0/6)">
                  <conditions>
                    <condition number="5" type="jump" coverage="0%" />
                    <condition number="12" type="jump" coverage="0%" />
                    <condition number="19" type="jump" coverage="0%" />
                  </conditions>
                </line>
              </lines>
            </method>
            <method name="get_QUIC_STATUS_UNSUPPORTED_CERTIFICATE" signature="()" line-rate="0" branch-rate="0" complexity="6">
              <lines>
                <line number="101" hits="0" branch="True" condition-coverage="0% (0/6)">
                  <conditions>
                    <condition number="5" type="jump" coverage="0%" />
                    <condition number="12" type="jump" coverage="0%" />
                    <condition number="19" type="jump" coverage="0%" />
                  </conditions>
                </line>
              </lines>
            </method>
            <method name="get_QUIC_STATUS_REVOKED_CERTIFICATE" signature="()" line-rate="0" branch-rate="0" complexity="6">
              <lines>
                <line number="102" hits="0" branch="True" condition-coverage="0% (0/6)">
                  <conditions>
                    <condition number="5" type="jump" coverage="0%" />
                    <condition number="12" type="jump" coverage="0%" />
                    <condition number="19" type="jump" coverage="0%" />
                  </conditions>
                </line>
              </lines>
            </method>
            <method name="get_QUIC_STATUS_EXPIRED_CERTIFICATE" signature="()" line-rate="0" branch-rate="0" complexity="6">
              <lines>
                <line number="103" hits="0" branch="True" condition-coverage="0% (0/6)">
                  <conditions>
                    <condition number="5" type="jump" coverage="0%" />
                    <condition number="12" type="jump" coverage="0%" />
                    <condition number="19" type="jump" coverage="0%" />
                  </conditions>
                </line>
              </lines>
            </method>
            <method name="get_QUIC_STATUS_UNKNOWN_CERTIFICATE" signature="()" line-rate="0" branch-rate="0" complexity="6">
              <lines>
                <line number="104" hits="0" branch="True" condition-coverage="0% (0/6)">
                  <conditions>
                    <condition number="5" type="jump" coverage="0%" />
                    <condition number="12" type="jump" coverage="0%" />
                    <condition number="19" type="jump" coverage="0%" />
                  </conditions>
                </line>
              </lines>
            </method>
            <method name="get_QUIC_STATUS_REQUIRED_CERTIFICATE" signature="()" line-rate="0" branch-rate="0" complexity="6">
              <lines>
                <line number="105" hits="0" branch="True" condition-coverage="0% (0/6)">
                  <conditions>
                    <condition number="5" type="jump" coverage="0%" />
                    <condition number="12" type="jump" coverage="0%" />
                    <condition number="19" type="jump" coverage="0%" />
                  </conditions>
                </line>
              </lines>
            </method>
            <method name="get_QUIC_STATUS_CERT_EXPIRED" signature="()" line-rate="0" branch-rate="0" complexity="6">
              <lines>
                <line number="106" hits="0" branch="True" condition-coverage="0% (0/6)">
                  <conditions>
                    <condition number="5" type="jump" coverage="0%" />
                    <condition number="12" type="jump" coverage="0%" />
                    <condition number="19" type="jump" coverage="0%" />
                  </conditions>
                </line>
              </lines>
            </method>
            <method name="get_QUIC_STATUS_CERT_UNTRUSTED_ROOT" signature="()" line-rate="0" branch-rate="0" complexity="6">
              <lines>
                <line number="107" hits="0" branch="True" condition-coverage="0% (0/6)">
                  <conditions>
                    <condition number="5" type="jump" coverage="0%" />
                    <condition number="12" type="jump" coverage="0%" />
                    <condition number="19" type="jump" coverage="0%" />
                  </conditions>
                </line>
              </lines>
            </method>
            <method name="get_QUIC_STATUS_CERT_NO_CERT" signature="()" line-rate="0" branch-rate="0" complexity="6">
              <lines>
                <line number="108" hits="0" branch="True" condition-coverage="0% (0/6)">
                  <conditions>
                    <condition number="5" type="jump" coverage="0%" />
                    <condition number="12" type="jump" coverage="0%" />
                    <condition number="19" type="jump" coverage="0%" />
                  </conditions>
                </line>
              </lines>
            </method>
            <method name="get_QUIC_ADDRESS_FAMILY_UNSPEC" signature="()" line-rate="0" branch-rate="0" complexity="6">
              <lines>
                <line number="110" hits="0" branch="True" condition-coverage="0% (0/6)">
                  <conditions>
                    <condition number="5" type="jump" coverage="0%" />
                    <condition number="12" type="jump" coverage="0%" />
                    <condition number="19" type="jump" coverage="0%" />
                  </conditions>
                </line>
              </lines>
            </method>
            <method name="get_QUIC_ADDRESS_FAMILY_INET" signature="()" line-rate="0" branch-rate="0" complexity="6">
              <lines>
                <line number="111" hits="0" branch="True" condition-coverage="0% (0/6)">
                  <conditions>
                    <condition number="5" type="jump" coverage="0%" />
                    <condition number="12" type="jump" coverage="0%" />
                    <condition number="19" type="jump" coverage="0%" />
                  </conditions>
                </line>
              </lines>
            </method>
            <method name="get_QUIC_ADDRESS_FAMILY_INET6" signature="()" line-rate="0" branch-rate="0" complexity="6">
              <lines>
                <line number="112" hits="0" branch="True" condition-coverage="0% (0/6)">
                  <conditions>
                    <condition number="5" type="jump" coverage="0%" />
                    <condition number="12" type="jump" coverage="0%" />
                    <condition number="19" type="jump" coverage="0%" />
                  </conditions>
                </line>
              </lines>
            </method>
          </methods>
          <lines>
            <line number="32" hits="21" branch="False" />
            <line number="33" hits="21" branch="False" />
            <line number="34" hits="21" branch="False" />
            <line number="39" hits="21" branch="False" />
            <line number="40" hits="21" branch="False" />
            <line number="44" hits="21" branch="True" condition-coverage="50% (1/2)">
              <conditions>
                <condition number="6" type="jump" coverage="50%" />
              </conditions>
            </line>
            <line number="47" hits="0" branch="False" />
            <line number="49" hits="21" branch="False" />
            <line number="53" hits="217" branch="True" condition-coverage="50% (1/2)">
              <conditions>
                <condition number="5" type="jump" coverage="50%" />
              </conditions>
            </line>
            <line number="55" hits="0" branch="False" />
            <line number="59" hits="217" branch="False" />
            <line number="65" hits="53" branch="True" condition-coverage="50% (1/2)">
              <conditions>
                <condition number="5" type="jump" coverage="50%" />
              </conditions>
            </line>
            <line number="67" hits="0" branch="False" />
            <line number="71" hits="53" branch="False" />
            <line number="75" hits="181" branch="True" condition-coverage="50% (3/6)">
              <conditions>
                <condition number="5" type="jump" coverage="50%" />
                <condition number="12" type="jump" coverage="50%" />
                <condition number="19" type="jump" coverage="50%" />
              </conditions>
            </line>
            <line number="76" hits="51" branch="True" condition-coverage="50% (3/6)">
              <conditions>
                <condition number="5" type="jump" coverage="50%" />
                <condition number="12" type="jump" coverage="50%" />
                <condition number="19" type="jump" coverage="50%" />
              </conditions>
            </line>
            <line number="77" hits="0" branch="True" condition-coverage="0% (0/6)">
              <conditions>
                <condition number="5" type="jump" coverage="0%" />
                <condition number="12" type="jump" coverage="0%" />
                <condition number="19" type="jump" coverage="0%" />
              </conditions>
            </line>
            <line number="78" hits="0" branch="True" condition-coverage="0% (0/6)">
              <conditions>
                <condition number="5" type="jump" coverage="0%" />
                <condition number="12" type="jump" coverage="0%" />
                <condition number="19" type="jump" coverage="0%" />
              </conditions>
            </line>
            <line number="79" hits="0" branch="True" condition-coverage="0% (0/6)">
              <conditions>
                <condition number="5" type="jump" coverage="0%" />
                <condition number="12" type="jump" coverage="0%" />
                <condition number="19" type="jump" coverage="0%" />
              </conditions>
            </line>
            <line number="80" hits="0" branch="True" condition-coverage="0% (0/6)">
              <conditions>
                <condition number="5" type="jump" coverage="0%" />
                <condition number="12" type="jump" coverage="0%" />
                <condition number="19" type="jump" coverage="0%" />
              </conditions>
            </line>
            <line number="81" hits="0" branch="True" condition-coverage="0% (0/6)">
              <conditions>
                <condition number="5" type="jump" coverage="0%" />
                <condition number="12" type="jump" coverage="0%" />
                <condition number="19" type="jump" coverage="0%" />
              </conditions>
            </line>
            <line number="82" hits="0" branch="True" condition-coverage="0% (0/6)">
              <conditions>
                <condition number="5" type="jump" coverage="0%" />
                <condition number="12" type="jump" coverage="0%" />
                <condition number="19" type="jump" coverage="0%" />
              </conditions>
            </line>
            <line number="83" hits="0" branch="True" condition-coverage="0% (0/6)">
              <conditions>
                <condition number="5" type="jump" coverage="0%" />
                <condition number="12" type="jump" coverage="0%" />
                <condition number="19" type="jump" coverage="0%" />
              </conditions>
            </line>
            <line number="84" hits="0" branch="True" condition-coverage="0% (0/6)">
              <conditions>
                <condition number="5" type="jump" coverage="0%" />
                <condition number="12" type="jump" coverage="0%" />
                <condition number="19" type="jump" coverage="0%" />
              </conditions>
            </line>
            <line number="85" hits="0" branch="True" condition-coverage="0% (0/6)">
              <conditions>
                <condition number="5" type="jump" coverage="0%" />
                <condition number="12" type="jump" coverage="0%" />
                <condition number="19" type="jump" coverage="0%" />
              </conditions>
            </line>
            <line number="86" hits="0" branch="True" condition-coverage="0% (0/6)">
              <conditions>
                <condition number="5" type="jump" coverage="0%" />
                <condition number="12" type="jump" coverage="0%" />
                <condition number="19" type="jump" coverage="0%" />
              </conditions>
            </line>
            <line number="87" hits="0" branch="True" condition-coverage="0% (0/6)">
              <conditions>
                <condition number="5" type="jump" coverage="0%" />
                <condition number="12" type="jump" coverage="0%" />
                <condition number="19" type="jump" coverage="0%" />
              </conditions>
            </line>
            <line number="88" hits="0" branch="True" condition-coverage="0% (0/6)">
              <conditions>
                <condition number="5" type="jump" coverage="0%" />
                <condition number="12" type="jump" coverage="0%" />
                <condition number="19" type="jump" coverage="0%" />
              </conditions>
            </line>
            <line number="89" hits="0" branch="True" condition-coverage="0% (0/6)">
              <conditions>
                <condition number="5" type="jump" coverage="0%" />
                <condition number="12" type="jump" coverage="0%" />
                <condition number="19" type="jump" coverage="0%" />
              </conditions>
            </line>
            <line number="90" hits="0" branch="True" condition-coverage="0% (0/6)">
              <conditions>
                <condition number="5" type="jump" coverage="0%" />
                <condition number="12" type="jump" coverage="0%" />
                <condition number="19" type="jump" coverage="0%" />
              </conditions>
            </line>
            <line number="91" hits="0" branch="True" condition-coverage="0% (0/6)">
              <conditions>
                <condition number="5" type="jump" coverage="0%" />
                <condition number="12" type="jump" coverage="0%" />
                <condition number="19" type="jump" coverage="0%" />
              </conditions>
            </line>
            <line number="92" hits="0" branch="True" condition-coverage="0% (0/6)">
              <conditions>
                <condition number="5" type="jump" coverage="0%" />
                <condition number="12" type="jump" coverage="0%" />
                <condition number="19" type="jump" coverage="0%" />
              </conditions>
            </line>
            <line number="93" hits="0" branch="True" condition-coverage="0% (0/6)">
              <conditions>
                <condition number="5" type="jump" coverage="0%" />
                <condition number="12" type="jump" coverage="0%" />
                <condition number="19" type="jump" coverage="0%" />
              </conditions>
            </line>
            <line number="94" hits="0" branch="True" condition-coverage="0% (0/6)">
              <conditions>
                <condition number="5" type="jump" coverage="0%" />
                <condition number="12" type="jump" coverage="0%" />
                <condition number="19" type="jump" coverage="0%" />
              </conditions>
            </line>
            <line number="95" hits="0" branch="True" condition-coverage="0% (0/6)">
              <conditions>
                <condition number="5" type="jump" coverage="0%" />
                <condition number="12" type="jump" coverage="0%" />
                <condition number="19" type="jump" coverage="0%" />
              </conditions>
            </line>
            <line number="96" hits="0" branch="True" condition-coverage="0% (0/6)">
              <conditions>
                <condition number="5" type="jump" coverage="0%" />
                <condition number="12" type="jump" coverage="0%" />
                <condition number="19" type="jump" coverage="0%" />
              </conditions>
            </line>
            <line number="97" hits="0" branch="True" condition-coverage="0% (0/6)">
              <conditions>
                <condition number="5" type="jump" coverage="0%" />
                <condition number="12" type="jump" coverage="0%" />
                <condition number="19" type="jump" coverage="0%" />
              </conditions>
            </line>
            <line number="98" hits="0" branch="True" condition-coverage="0% (0/6)">
              <conditions>
                <condition number="5" type="jump" coverage="0%" />
                <condition number="12" type="jump" coverage="0%" />
                <condition number="19" type="jump" coverage="0%" />
              </conditions>
            </line>
            <line number="99" hits="0" branch="True" condition-coverage="0% (0/6)">
              <conditions>
                <condition number="5" type="jump" coverage="0%" />
                <condition number="12" type="jump" coverage="0%" />
                <condition number="19" type="jump" coverage="0%" />
              </conditions>
            </line>
            <line number="100" hits="0" branch="True" condition-coverage="0% (0/6)">
              <conditions>
                <condition number="5" type="jump" coverage="0%" />
                <condition number="12" type="jump" coverage="0%" />
                <condition number="19" type="jump" coverage="0%" />
              </conditions>
            </line>
            <line number="101" hits="0" branch="True" condition-coverage="0% (0/6)">
              <conditions>
                <condition number="5" type="jump" coverage="0%" />
                <condition number="12" type="jump" coverage="0%" />
                <condition number="19" type="jump" coverage="0%" />
              </conditions>
            </line>
            <line number="102" hits="0" branch="True" condition-coverage="0% (0/6)">
              <conditions>
                <condition number="5" type="jump" coverage="0%" />
                <condition number="12" type="jump" coverage="0%" />
                <condition number="19" type="jump" coverage="0%" />
              </conditions>
            </line>
            <line number="103" hits="0" branch="True" condition-coverage="0% (0/6)">
              <conditions>
                <condition number="5" type="jump" coverage="0%" />
                <condition number="12" type="jump" coverage="0%" />
                <condition number="19" type="jump" coverage="0%" />
              </conditions>
            </line>
            <line number="104" hits="0" branch="True" condition-coverage="0% (0/6)">
              <conditions>
                <condition number="5" type="jump" coverage="0%" />
                <condition number="12" type="jump" coverage="0%" />
                <condition number="19" type="jump" coverage="0%" />
              </conditions>
            </line>
            <line number="105" hits="0" branch="True" condition-coverage="0% (0/6)">
              <conditions>
                <condition number="5" type="jump" coverage="0%" />
                <condition number="12" type="jump" coverage="0%" />
                <condition number="19" type="jump" coverage="0%" />
              </conditions>
            </line>
            <line number="106" hits="0" branch="True" condition-coverage="0% (0/6)">
              <conditions>
                <condition number="5" type="jump" coverage="0%" />
                <condition number="12" type="jump" coverage="0%" />
                <condition number="19" type="jump" coverage="0%" />
              </conditions>
            </line>
            <line number="107" hits="0" branch="True" condition-coverage="0% (0/6)">
              <conditions>
                <condition number="5" type="jump" coverage="0%" />
                <condition number="12" type="jump" coverage="0%" />
                <condition number="19" type="jump" coverage="0%" />
              </conditions>
            </line>
            <line number="108" hits="0" branch="True" condition-coverage="0% (0/6)">
              <conditions>
                <condition number="5" type="jump" coverage="0%" />
                <condition number="12" type="jump" coverage="0%" />
                <condition number="19" type="jump" coverage="0%" />
              </conditions>
            </line>
            <line number="110" hits="0" branch="True" condition-coverage="0% (0/6)">
              <conditions>
                <condition number="5" type="jump" coverage="0%" />
                <condition number="12" type="jump" coverage="0%" />
                <condition number="19" type="jump" coverage="0%" />
              </conditions>
            </line>
            <line number="111" hits="0" branch="True" condition-coverage="0% (0/6)">
              <conditions>
                <condition number="5" type="jump" coverage="0%" />
                <condition number="12" type="jump" coverage="0%" />
                <condition number="19" type="jump" coverage="0%" />
              </conditions>
            </line>
            <line number="112" hits="0" branch="True" condition-coverage="0% (0/6)">
              <conditions>
                <condition number="5" type="jump" coverage="0%" />
                <condition number="12" type="jump" coverage="0%" />
                <condition number="19" type="jump" coverage="0%" />
              </conditions>
            </line>
          </lines>
        </class>
        <class name="StirlingLabs.MsQuic.Bindings.NativeTypeNameAttribute" filename="/home/runner/work/MsQuic.Net/MsQuic.Net/StirlingLabs.MsQuic.Bindings/Imported/msquic.cs" line-rate="0" branch-rate="1" complexity="2">
          <methods>
            <method name="get_Name" signature="()" line-rate="0" branch-rate="1" complexity="1">
              <lines>
                <line number="130" hits="0" branch="False" />
              </lines>
            </method>
            <method name=".ctor" signature="(System.String)" line-rate="0" branch-rate="1" complexity="1">
              <lines>
                <line number="124" hits="0" branch="False" />
                <line number="126" hits="0" branch="False" />
                <line number="127" hits="0" branch="False" />
              </lines>
            </method>
          </methods>
          <lines>
            <line number="130" hits="0" branch="False" />
            <line number="124" hits="0" branch="False" />
            <line number="126" hits="0" branch="False" />
            <line number="127" hits="0" branch="False" />
          </lines>
        </class>
        <class name="StirlingLabs.MsQuic.Bindings.QuicAddr" filename="/home/runner/work/MsQuic.Net/MsQuic.Net/StirlingLabs.MsQuic.Bindings/Imported/msquic.cs" line-rate="0" branch-rate="0" complexity="14">
          <methods>
            <method name="get_SockaddrHasLength" signature="()" line-rate="0" branch-rate="0" complexity="10">
              <lines>
                <line number="172" hits="0" branch="True" condition-coverage="0% (0/10)">
                  <conditions>
                    <condition number="5" type="jump" coverage="0%" />
                    <condition number="12" type="jump" coverage="0%" />
                    <condition number="19" type="jump" coverage="0%" />
                    <condition number="26" type="jump" coverage="0%" />
                    <condition number="33" type="jump" coverage="0%" />
                  </conditions>
                </line>
              </lines>
            </method>
            <method name="get_Family" signature="()" line-rate="0" branch-rate="0" complexity="2">
              <lines>
                <line number="178" hits="0" branch="True" condition-coverage="0% (0/2)">
                  <conditions>
                    <condition number="5" type="jump" coverage="0%" />
                  </conditions>
                </line>
                <line number="180" hits="0" branch="False" />
                <line number="184" hits="0" branch="False" />
              </lines>
            </method>
            <method name="set_Family" signature="(System.Int32)" line-rate="0" branch-rate="0" complexity="2">
              <lines>
                <line number="189" hits="0" branch="True" condition-coverage="0% (0/2)">
                  <conditions>
                    <condition number="5" type="jump" coverage="0%" />
                  </conditions>
                </line>
                <line number="191" hits="0" branch="False" />
                <line number="195" hits="0" branch="False" />
                <line number="197" hits="0" branch="False" />
              </lines>
            </method>
          </methods>
          <lines>
            <line number="172" hits="0" branch="True" condition-coverage="0% (0/10)">
              <conditions>
                <condition number="5" type="jump" coverage="0%" />
                <condition number="12" type="jump" coverage="0%" />
                <condition number="19" type="jump" coverage="0%" />
                <condition number="26" type="jump" coverage="0%" />
                <condition number="33" type="jump" coverage="0%" />
              </conditions>
            </line>
            <line number="178" hits="0" branch="True" condition-coverage="0% (0/2)">
              <conditions>
                <condition number="5" type="jump" coverage="0%" />
              </conditions>
            </line>
            <line number="180" hits="0" branch="False" />
            <line number="184" hits="0" branch="False" />
            <line number="189" hits="0" branch="True" condition-coverage="0% (0/2)">
              <conditions>
                <condition number="5" type="jump" coverage="0%" />
              </conditions>
            </line>
            <line number="191" hits="0" branch="False" />
            <line number="195" hits="0" branch="False" />
            <line number="197" hits="0" branch="False" />
          </lines>
        </class>
        <class name="StirlingLabs.MsQuic.Bindings.MsQuic" filename="/home/runner/work/MsQuic.Net/MsQuic.Net/StirlingLabs.MsQuic.Bindings/MsQuic.cs" line-rate="0.85" branch-rate="0.5" complexity="13">
          <methods>
            <method name="Init" signature="()" line-rate="1" branch-rate="1" complexity="1">
              <lines>
                <line number="48" hits="1" branch="False" />
              </lines>
            </method>
            <method name="AssertSuccess" signature="(System.Int32)" line-rate="1" branch-rate="1" complexity="1">
              <lines>
                <line number="51" hits="132" branch="False" />
              </lines>
            </method>
            <method name="AssertNotFailure" signature="(System.Int32)" line-rate="1" branch-rate="1" complexity="1">
              <lines>
                <line number="54" hits="11" branch="False" />
              </lines>
            </method>
            <method name="IsPending" signature="(System.Int32)" line-rate="1" branch-rate="1" complexity="1">
              <lines>
                <line number="59" hits="24" branch="False" />
              </lines>
            </method>
            <method name="IsContinue" signature="(System.Int32)" line-rate="0" branch-rate="1" complexity="1">
              <lines>
                <line number="63" hits="0" branch="False" />
              </lines>
            </method>
            <method name="IsSuccess" signature="(System.Int32)" line-rate="1" branch-rate="1" complexity="1">
              <lines>
                <line number="68" hits="85" branch="False" />
              </lines>
            </method>
            <method name="IsFailure" signature="(System.Int32)" line-rate="1" branch-rate="1" complexity="1">
              <lines>
                <line number="73" hits="21" branch="False" />
              </lines>
            </method>
            <method name="Assert" signature="(System.Boolean,System.Int32)" line-rate="1" branch-rate="0.5" complexity="2">
              <lines>
                <line number="79" hits="143" branch="True" condition-coverage="50% (1/2)">
                  <conditions>
                    <condition number="1" type="jump" coverage="50%" />
                  </conditions>
                </line>
                <line number="80" hits="143" branch="False" />
              </lines>
            </method>
            <method name=".cctor" signature="()" line-rate="0.8181" branch-rate="0.5" complexity="4">
              <lines>
                <line number="31" hits="1" branch="False" />
                <line number="32" hits="1" branch="False" />
                <line number="33" hits="1" branch="True" condition-coverage="50% (1/2)">
                  <conditions>
                    <condition number="56" type="jump" coverage="50%" />
                  </conditions>
                </line>
                <line number="35" hits="0" branch="False" />
                <line number="36" hits="0" branch="False" />
                <line number="40" hits="1" branch="True" condition-coverage="50% (1/2)">
                  <conditions>
                    <condition number="107" type="jump" coverage="50%" />
                  </conditions>
                </line>
                <line number="41" hits="1" branch="False" />
                <line number="42" hits="1" branch="False" />
                <line number="43" hits="1" branch="False" />
                <line number="44" hits="1" branch="False" />
                <line number="46" hits="1" branch="False" />
              </lines>
            </method>
          </methods>
          <lines>
            <line number="48" hits="1" branch="False" />
            <line number="51" hits="132" branch="False" />
            <line number="54" hits="11" branch="False" />
            <line number="59" hits="24" branch="False" />
            <line number="63" hits="0" branch="False" />
            <line number="68" hits="85" branch="False" />
            <line number="73" hits="21" branch="False" />
            <line number="79" hits="143" branch="True" condition-coverage="50% (1/2)">
              <conditions>
                <condition number="1" type="jump" coverage="50%" />
              </conditions>
            </line>
            <line number="80" hits="143" branch="False" />
            <line number="31" hits="1" branch="False" />
            <line number="32" hits="1" branch="False" />
            <line number="33" hits="1" branch="True" condition-coverage="50% (1/2)">
              <conditions>
                <condition number="56" type="jump" coverage="50%" />
              </conditions>
            </line>
            <line number="35" hits="0" branch="False" />
            <line number="36" hits="0" branch="False" />
            <line number="40" hits="1" branch="True" condition-coverage="50% (1/2)">
              <conditions>
                <condition number="107" type="jump" coverage="50%" />
              </conditions>
            </line>
            <line number="41" hits="1" branch="False" />
            <line number="42" hits="1" branch="False" />
            <line number="43" hits="1" branch="False" />
            <line number="44" hits="1" branch="False" />
            <line number="46" hits="1" branch="False" />
          </lines>
        </class>
        <class name="StirlingLabs.MsQuic.Bindings.MsQuicException" filename="/home/runner/work/MsQuic.Net/MsQuic.Net/StirlingLabs.MsQuic.Bindings/Imported/MsQuicException.cs" line-rate="0" branch-rate="0" complexity="77">
          <methods>
            <method name="get_Status" signature="()" line-rate="0" branch-rate="1" complexity="1">
              <lines>
                <line number="16" hits="0" branch="False" />
              </lines>
            </method>
            <method name="GetErrorCodeForStatus" signature="(System.Int32)" line-rate="0" branch-rate="0" complexity="68">
              <lines>
                <line number="26" hits="0" branch="True" condition-coverage="0% (0/2)">
                  <conditions>
                    <condition number="6" type="jump" coverage="0%" />
                  </conditions>
                </line>
                <line number="27" hits="0" branch="True" condition-coverage="0% (0/2)">
                  <conditions>
                    <condition number="20" type="jump" coverage="0%" />
                  </conditions>
                </line>
                <line number="28" hits="0" branch="True" condition-coverage="0% (0/2)">
                  <conditions>
                    <condition number="34" type="jump" coverage="0%" />
                  </conditions>
                </line>
                <line number="29" hits="0" branch="True" condition-coverage="0% (0/2)">
                  <conditions>
                    <condition number="48" type="jump" coverage="0%" />
                  </conditions>
                </line>
                <line number="30" hits="0" branch="True" condition-coverage="0% (0/2)">
                  <conditions>
                    <condition number="62" type="jump" coverage="0%" />
                  </conditions>
                </line>
                <line number="31" hits="0" branch="True" condition-coverage="0% (0/2)">
                  <conditions>
                    <condition number="76" type="jump" coverage="0%" />
                  </conditions>
                </line>
                <line number="32" hits="0" branch="True" condition-coverage="0% (0/2)">
                  <conditions>
                    <condition number="90" type="jump" coverage="0%" />
                  </conditions>
                </line>
                <line number="33" hits="0" branch="True" condition-coverage="0% (0/2)">
                  <conditions>
                    <condition number="104" type="jump" coverage="0%" />
                  </conditions>
                </line>
                <line number="34" hits="0" branch="True" condition-coverage="0% (0/2)">
                  <conditions>
                    <condition number="118" type="jump" coverage="0%" />
                  </conditions>
                </line>
                <line number="35" hits="0" branch="True" condition-coverage="0% (0/2)">
                  <conditions>
                    <condition number="132" type="jump" coverage="0%" />
                  </conditions>
                </line>
                <line number="36" hits="0" branch="True" condition-coverage="0% (0/2)">
                  <conditions>
                    <condition number="146" type="jump" coverage="0%" />
                  </conditions>
                </line>
                <line number="37" hits="0" branch="True" condition-coverage="0% (0/2)">
                  <conditions>
                    <condition number="160" type="jump" coverage="0%" />
                  </conditions>
                </line>
                <line number="38" hits="0" branch="True" condition-coverage="0% (0/2)">
                  <conditions>
                    <condition number="174" type="jump" coverage="0%" />
                  </conditions>
                </line>
                <line number="39" hits="0" branch="True" condition-coverage="0% (0/2)">
                  <conditions>
                    <condition number="188" type="jump" coverage="0%" />
                  </conditions>
                </line>
                <line number="40" hits="0" branch="True" condition-coverage="0% (0/2)">
                  <conditions>
                    <condition number="202" type="jump" coverage="0%" />
                  </conditions>
                </line>
                <line number="41" hits="0" branch="True" condition-coverage="0% (0/2)">
                  <conditions>
                    <condition number="216" type="jump" coverage="0%" />
                  </conditions>
                </line>
                <line number="42" hits="0" branch="True" condition-coverage="0% (0/2)">
                  <conditions>
                    <condition number="230" type="jump" coverage="0%" />
                  </conditions>
                </line>
                <line number="43" hits="0" branch="True" condition-coverage="0% (0/2)">
                  <conditions>
                    <condition number="244" type="jump" coverage="0%" />
                  </conditions>
                </line>
                <line number="44" hits="0" branch="True" condition-coverage="0% (0/2)">
                  <conditions>
                    <condition number="258" type="jump" coverage="0%" />
                  </conditions>
                </line>
                <line number="45" hits="0" branch="True" condition-coverage="0% (0/2)">
                  <conditions>
                    <condition number="272" type="jump" coverage="0%" />
                  </conditions>
                </line>
                <line number="46" hits="0" branch="True" condition-coverage="0% (0/2)">
                  <conditions>
                    <condition number="286" type="jump" coverage="0%" />
                  </conditions>
                </line>
                <line number="47" hits="0" branch="True" condition-coverage="0% (0/2)">
                  <conditions>
                    <condition number="300" type="jump" coverage="0%" />
                  </conditions>
                </line>
                <line number="48" hits="0" branch="True" condition-coverage="0% (0/2)">
                  <conditions>
                    <condition number="314" type="jump" coverage="0%" />
                  </conditions>
                </line>
                <line number="49" hits="0" branch="True" condition-coverage="0% (0/2)">
                  <conditions>
                    <condition number="328" type="jump" coverage="0%" />
                  </conditions>
                </line>
                <line number="50" hits="0" branch="True" condition-coverage="0% (0/2)">
                  <conditions>
                    <condition number="342" type="jump" coverage="0%" />
                  </conditions>
                </line>
                <line number="51" hits="0" branch="True" condition-coverage="0% (0/2)">
                  <conditions>
                    <condition number="356" type="jump" coverage="0%" />
                  </conditions>
                </line>
                <line number="52" hits="0" branch="True" condition-coverage="0% (0/2)">
                  <conditions>
                    <condition number="370" type="jump" coverage="0%" />
                  </conditions>
                </line>
                <line number="53" hits="0" branch="True" condition-coverage="0% (0/2)">
                  <conditions>
                    <condition number="384" type="jump" coverage="0%" />
                  </conditions>
                </line>
                <line number="54" hits="0" branch="True" condition-coverage="0% (0/2)">
                  <conditions>
                    <condition number="398" type="jump" coverage="0%" />
                  </conditions>
                </line>
                <line number="55" hits="0" branch="True" condition-coverage="0% (0/2)">
                  <conditions>
                    <condition number="412" type="jump" coverage="0%" />
                  </conditions>
                </line>
                <line number="56" hits="0" branch="True" condition-coverage="0% (0/2)">
                  <conditions>
                    <condition number="426" type="jump" coverage="0%" />
                  </conditions>
                </line>
                <line number="57" hits="0" branch="True" condition-coverage="0% (0/2)">
                  <conditions>
                    <condition number="440" type="jump" coverage="0%" />
                  </conditions>
                </line>
                <line number="58" hits="0" branch="True" condition-coverage="0% (0/2)">
                  <conditions>
                    <condition number="454" type="jump" coverage="0%" />
                  </conditions>
                </line>
                <line number="59" hits="0" branch="True" condition-coverage="0% (0/2)">
                  <conditions>
                    <condition number="468" type="jump" coverage="0%" />
                  </conditions>
                </line>
                <line number="60" hits="0" branch="False" />
              </lines>
            </method>
            <method name="MapMsQuicStatusToHResult" signature="(System.Int32)" line-rate="0" branch-rate="0" complexity="6">
              <lines>
                <line number="65" hits="0" branch="True" condition-coverage="0% (0/2)">
                  <conditions>
                    <condition number="6" type="jump" coverage="0%" />
                  </conditions>
                </line>
                <line number="66" hits="0" branch="True" condition-coverage="0% (0/2)">
                  <conditions>
                    <condition number="20" type="jump" coverage="0%" />
                  </conditions>
                </line>
                <line number="67" hits="0" branch="True" condition-coverage="0% (0/2)">
                  <conditions>
                    <condition number="34" type="jump" coverage="0%" />
                  </conditions>
                </line>
                <line number="68" hits="0" branch="False" />
              </lines>
            </method>
            <method name=".ctor" signature="(System.Int32,System.String,System.Exception)" line-rate="0" branch-rate="0" complexity="2">
              <lines>
                <line number="19" hits="0" branch="True" condition-coverage="0% (0/2)">
                  <conditions>
                    <condition number="3" type="jump" coverage="0%" />
                  </conditions>
                </line>
                <line number="21" hits="0" branch="False" />
                <line number="22" hits="0" branch="False" />
              </lines>
            </method>
          </methods>
          <lines>
            <line number="16" hits="0" branch="False" />
            <line number="26" hits="0" branch="True" condition-coverage="0% (0/2)">
              <conditions>
                <condition number="6" type="jump" coverage="0%" />
              </conditions>
            </line>
            <line number="27" hits="0" branch="True" condition-coverage="0% (0/2)">
              <conditions>
                <condition number="20" type="jump" coverage="0%" />
              </conditions>
            </line>
            <line number="28" hits="0" branch="True" condition-coverage="0% (0/2)">
              <conditions>
                <condition number="34" type="jump" coverage="0%" />
              </conditions>
            </line>
            <line number="29" hits="0" branch="True" condition-coverage="0% (0/2)">
              <conditions>
                <condition number="48" type="jump" coverage="0%" />
              </conditions>
            </line>
            <line number="30" hits="0" branch="True" condition-coverage="0% (0/2)">
              <conditions>
                <condition number="62" type="jump" coverage="0%" />
              </conditions>
            </line>
            <line number="31" hits="0" branch="True" condition-coverage="0% (0/2)">
              <conditions>
                <condition number="76" type="jump" coverage="0%" />
              </conditions>
            </line>
            <line number="32" hits="0" branch="True" condition-coverage="0% (0/2)">
              <conditions>
                <condition number="90" type="jump" coverage="0%" />
              </conditions>
            </line>
            <line number="33" hits="0" branch="True" condition-coverage="0% (0/2)">
              <conditions>
                <condition number="104" type="jump" coverage="0%" />
              </conditions>
            </line>
            <line number="34" hits="0" branch="True" condition-coverage="0% (0/2)">
              <conditions>
                <condition number="118" type="jump" coverage="0%" />
              </conditions>
            </line>
            <line number="35" hits="0" branch="True" condition-coverage="0% (0/2)">
              <conditions>
                <condition number="132" type="jump" coverage="0%" />
              </conditions>
            </line>
            <line number="36" hits="0" branch="True" condition-coverage="0% (0/2)">
              <conditions>
                <condition number="146" type="jump" coverage="0%" />
              </conditions>
            </line>
            <line number="37" hits="0" branch="True" condition-coverage="0% (0/2)">
              <conditions>
                <condition number="160" type="jump" coverage="0%" />
              </conditions>
            </line>
            <line number="38" hits="0" branch="True" condition-coverage="0% (0/2)">
              <conditions>
                <condition number="174" type="jump" coverage="0%" />
              </conditions>
            </line>
            <line number="39" hits="0" branch="True" condition-coverage="0% (0/2)">
              <conditions>
                <condition number="188" type="jump" coverage="0%" />
              </conditions>
            </line>
            <line number="40" hits="0" branch="True" condition-coverage="0% (0/2)">
              <conditions>
                <condition number="202" type="jump" coverage="0%" />
              </conditions>
            </line>
            <line number="41" hits="0" branch="True" condition-coverage="0% (0/2)">
              <conditions>
                <condition number="216" type="jump" coverage="0%" />
              </conditions>
            </line>
            <line number="42" hits="0" branch="True" condition-coverage="0% (0/2)">
              <conditions>
                <condition number="230" type="jump" coverage="0%" />
              </conditions>
            </line>
            <line number="43" hits="0" branch="True" condition-coverage="0% (0/2)">
              <conditions>
                <condition number="244" type="jump" coverage="0%" />
              </conditions>
            </line>
            <line number="44" hits="0" branch="True" condition-coverage="0% (0/2)">
              <conditions>
                <condition number="258" type="jump" coverage="0%" />
              </conditions>
            </line>
            <line number="45" hits="0" branch="True" condition-coverage="0% (0/2)">
              <conditions>
                <condition number="272" type="jump" coverage="0%" />
              </conditions>
            </line>
            <line number="46" hits="0" branch="True" condition-coverage="0% (0/2)">
              <conditions>
                <condition number="286" type="jump" coverage="0%" />
              </conditions>
            </line>
            <line number="47" hits="0" branch="True" condition-coverage="0% (0/2)">
              <conditions>
                <condition number="300" type="jump" coverage="0%" />
              </conditions>
            </line>
            <line number="48" hits="0" branch="True" condition-coverage="0% (0/2)">
              <conditions>
                <condition number="314" type="jump" coverage="0%" />
              </conditions>
            </line>
            <line number="49" hits="0" branch="True" condition-coverage="0% (0/2)">
              <conditions>
                <condition number="328" type="jump" coverage="0%" />
              </conditions>
            </line>
            <line number="50" hits="0" branch="True" condition-coverage="0% (0/2)">
              <conditions>
                <condition number="342" type="jump" coverage="0%" />
              </conditions>
            </line>
            <line number="51" hits="0" branch="True" condition-coverage="0% (0/2)">
              <conditions>
                <condition number="356" type="jump" coverage="0%" />
              </conditions>
            </line>
            <line number="52" hits="0" branch="True" condition-coverage="0% (0/2)">
              <conditions>
                <condition number="370" type="jump" coverage="0%" />
              </conditions>
            </line>
            <line number="53" hits="0" branch="True" condition-coverage="0% (0/2)">
              <conditions>
                <condition number="384" type="jump" coverage="0%" />
              </conditions>
            </line>
            <line number="54" hits="0" branch="True" condition-coverage="0% (0/2)">
              <conditions>
                <condition number="398" type="jump" coverage="0%" />
              </conditions>
            </line>
            <line number="55" hits="0" branch="True" condition-coverage="0% (0/2)">
              <conditions>
                <condition number="412" type="jump" coverage="0%" />
              </conditions>
            </line>
            <line number="56" hits="0" branch="True" condition-coverage="0% (0/2)">
              <conditions>
                <condition number="426" type="jump" coverage="0%" />
              </conditions>
            </line>
            <line number="57" hits="0" branch="True" condition-coverage="0% (0/2)">
              <conditions>
                <condition number="440" type="jump" coverage="0%" />
              </conditions>
            </line>
            <line number="58" hits="0" branch="True" condition-coverage="0% (0/2)">
              <conditions>
                <condition number="454" type="jump" coverage="0%" />
              </conditions>
            </line>
            <line number="59" hits="0" branch="True" condition-coverage="0% (0/2)">
              <conditions>
                <condition number="468" type="jump" coverage="0%" />
              </conditions>
            </line>
            <line number="60" hits="0" branch="False" />
            <line number="65" hits="0" branch="True" condition-coverage="0% (0/2)">
              <conditions>
                <condition number="6" type="jump" coverage="0%" />
              </conditions>
            </line>
            <line number="66" hits="0" branch="True" condition-coverage="0% (0/2)">
              <conditions>
                <condition number="20" type="jump" coverage="0%" />
              </conditions>
            </line>
            <line number="67" hits="0" branch="True" condition-coverage="0% (0/2)">
              <conditions>
                <condition number="34" type="jump" coverage="0%" />
              </conditions>
            </line>
            <line number="68" hits="0" branch="False" />
            <line number="19" hits="0" branch="True" condition-coverage="0% (0/2)">
              <conditions>
                <condition number="3" type="jump" coverage="0%" />
              </conditions>
            </line>
            <line number="21" hits="0" branch="False" />
            <line number="22" hits="0" branch="False" />
          </lines>
        </class>
        <class name="StirlingLabs.MsQuic.Bindings.MsQuicExtensions" filename="/home/runner/work/MsQuic.Net/MsQuic.Net/StirlingLabs.MsQuic.Bindings/Imported/msquic_extensions.cs" line-rate="0" branch-rate="1" complexity="3">
          <methods>
            <method name="SetConnectionCallback" signature="(StirlingLabs.MsQuic.Bindings.QUIC_HANDLE*,System.Void*,StirlingLabs.MsQuic.Bindings.QUIC_CONNECTION_EVENT*),System.Void*)" line-rate="0" branch-rate="1" complexity="1">
              <lines>
                <line number="17" hits="0" branch="False" />
                <line number="18" hits="0" branch="False" />
              </lines>
            </method>
            <method name="SetStreamCallback" signature="(StirlingLabs.MsQuic.Bindings.QUIC_HANDLE*,System.Void*,StirlingLabs.MsQuic.Bindings.QUIC_STREAM_EVENT*),System.Void*)" line-rate="0" branch-rate="1" complexity="1">
              <lines>
                <line number="22" hits="0" branch="False" />
                <line number="23" hits="0" branch="False" />
              </lines>
            </method>
            <method name="SetListenerCallback" signature="(StirlingLabs.MsQuic.Bindings.QUIC_HANDLE*,System.Void*,StirlingLabs.MsQuic.Bindings.QUIC_LISTENER_EVENT*),System.Void*)" line-rate="0" branch-rate="1" complexity="1">
              <lines>
                <line number="27" hits="0" branch="False" />
                <line number="28" hits="0" branch="False" />
              </lines>
            </method>
          </methods>
          <lines>
            <line number="17" hits="0" branch="False" />
            <line number="18" hits="0" branch="False" />
            <line number="22" hits="0" branch="False" />
            <line number="23" hits="0" branch="False" />
            <line number="27" hits="0" branch="False" />
            <line number="28" hits="0" branch="False" />
          </lines>
        </class>
        <class name="StirlingLabs.MsQuic.Bindings.QUIC_CREDENTIAL_CONFIG" filename="/home/runner/work/MsQuic.Net/MsQuic.Net/StirlingLabs.MsQuic.Bindings/Imported/msquic_generated.cs" line-rate="0.1666" branch-rate="1" complexity="6">
          <methods>
            <method name="get_CertificateHash" signature="()" line-rate="0" branch-rate="1" complexity="1">
              <lines>
                <line number="268" hits="0" branch="False" />
              </lines>
            </method>
            <method name="get_CertificateHashStore" signature="()" line-rate="0" branch-rate="1" complexity="1">
              <lines>
                <line number="276" hits="0" branch="False" />
              </lines>
            </method>
            <method name="get_CertificateContext" signature="()" line-rate="0" branch-rate="1" complexity="1">
              <lines>
                <line number="284" hits="0" branch="False" />
              </lines>
            </method>
            <method name="get_CertificateFile" signature="()" line-rate="0" branch-rate="1" complexity="1">
              <lines>
                <line number="292" hits="0" branch="False" />
              </lines>
            </method>
            <method name="get_CertificateFileProtected" signature="()" line-rate="0" branch-rate="1" complexity="1">
              <lines>
                <line number="300" hits="0" branch="False" />
              </lines>
            </method>
            <method name="get_CertificatePkcs12" signature="()" line-rate="1" branch-rate="1" complexity="1">
              <lines>
                <line number="308" hits="21" branch="False" />
              </lines>
            </method>
          </methods>
          <lines>
            <line number="268" hits="0" branch="False" />
            <line number="276" hits="0" branch="False" />
            <line number="284" hits="0" branch="False" />
            <line number="292" hits="0" branch="False" />
            <line number="300" hits="0" branch="False" />
            <line number="308" hits="21" branch="False" />
          </lines>
        </class>
        <class name="StirlingLabs.MsQuic.Bindings.QUIC_STATISTICS" filename="/home/runner/work/MsQuic.Net/MsQuic.Net/StirlingLabs.MsQuic.Bindings/Imported/msquic_generated.cs" line-rate="0" branch-rate="1" complexity="8">
          <methods>
            <method name="get_VersionNegotiation" signature="()" line-rate="0" branch-rate="1" complexity="1">
              <lines>
                <line number="466" hits="0" branch="False" />
              </lines>
            </method>
            <method name="set_VersionNegotiation" signature="(System.UInt32)" line-rate="0" branch-rate="1" complexity="1">
              <lines>
                <line number="471" hits="0" branch="False" />
                <line number="472" hits="0" branch="False" />
              </lines>
            </method>
            <method name="get_StatelessRetry" signature="()" line-rate="0" branch-rate="1" complexity="1">
              <lines>
                <line number="480" hits="0" branch="False" />
              </lines>
            </method>
            <method name="set_StatelessRetry" signature="(System.UInt32)" line-rate="0" branch-rate="1" complexity="1">
              <lines>
                <line number="485" hits="0" branch="False" />
                <line number="486" hits="0" branch="False" />
              </lines>
            </method>
            <method name="get_ResumptionAttempted" signature="()" line-rate="0" branch-rate="1" complexity="1">
              <lines>
                <line number="494" hits="0" branch="False" />
              </lines>
            </method>
            <method name="set_ResumptionAttempted" signature="(System.UInt32)" line-rate="0" branch-rate="1" complexity="1">
              <lines>
                <line number="499" hits="0" branch="False" />
                <line number="500" hits="0" branch="False" />
              </lines>
            </method>
            <method name="get_ResumptionSucceeded" signature="()" line-rate="0" branch-rate="1" complexity="1">
              <lines>
                <line number="508" hits="0" branch="False" />
              </lines>
            </method>
            <method name="set_ResumptionSucceeded" signature="(System.UInt32)" line-rate="0" branch-rate="1" complexity="1">
              <lines>
                <line number="513" hits="0" branch="False" />
                <line number="514" hits="0" branch="False" />
              </lines>
            </method>
          </methods>
          <lines>
            <line number="466" hits="0" branch="False" />
            <line number="471" hits="0" branch="False" />
            <line number="472" hits="0" branch="False" />
            <line number="480" hits="0" branch="False" />
            <line number="485" hits="0" branch="False" />
            <line number="486" hits="0" branch="False" />
            <line number="494" hits="0" branch="False" />
            <line number="499" hits="0" branch="False" />
            <line number="500" hits="0" branch="False" />
            <line number="508" hits="0" branch="False" />
            <line number="513" hits="0" branch="False" />
            <line number="514" hits="0" branch="False" />
          </lines>
        </class>
[...]
              <lines>
                <line number="1700" hits="0" branch="False" />
                <line number="1701" hits="0" branch="False" />
              </lines>
            </method>
            <method name="get_ServerTrafficSecret0" signature="()" line-rate="0" branch-rate="1" complexity="1">
              <lines>
                <line number="1709" hits="0" branch="False" />
              </lines>
            </method>
            <method name="set_ServerTrafficSecret0" signature="(System.Byte)" line-rate="0" branch-rate="1" complexity="1">
              <lines>
                <line number="1714" hits="0" branch="False" />
                <line number="1715" hits="0" branch="False" />
              </lines>
            </method>
          </methods>
          <lines>
            <line number="1639" hits="0" branch="False" />
            <line number="1644" hits="0" branch="False" />
            <line number="1645" hits="0" branch="False" />
            <line number="1653" hits="0" branch="False" />
            <line number="1658" hits="0" branch="False" />
            <line number="1659" hits="0" branch="False" />
            <line number="1667" hits="0" branch="False" />
            <line number="1672" hits="0" branch="False" />
            <line number="1673" hits="0" branch="False" />
            <line number="1681" hits="0" branch="False" />
            <line number="1686" hits="0" branch="False" />
            <line number="1687" hits="0" branch="False" />
            <line number="1695" hits="0" branch="False" />
            <line number="1700" hits="0" branch="False" />
            <line number="1701" hits="0" branch="False" />
            <line number="1709" hits="0" branch="False" />
            <line number="1714" hits="0" branch="False" />
            <line number="1715" hits="0" branch="False" />
          </lines>
        </class>
        <class name="StirlingLabs.MsQuic.Bindings.QUIC_LISTENER_EVENT" filename="/home/runner/work/MsQuic.Net/MsQuic.Net/StirlingLabs.MsQuic.Bindings/Imported/msquic_generated.cs" line-rate="0.5" branch-rate="1" complexity="2">
          <methods>
            <method name="get_NEW_CONNECTION" signature="()" line-rate="1" branch-rate="1" complexity="1">
              <lines>
                <line number="1794" hits="12" branch="False" />
              </lines>
            </method>
            <method name="get_STOP_COMPLETE" signature="()" line-rate="0" branch-rate="1" complexity="1">
              <lines>
                <line number="1802" hits="0" branch="False" />
              </lines>
            </method>
          </methods>
          <lines>
            <line number="1794" hits="12" branch="False" />
            <line number="1802" hits="0" branch="False" />
          </lines>
        </class>
        <class name="StirlingLabs.MsQuic.Bindings.QUIC_LISTENER_EVENT/_Anonymous_e__Union/_STOP_COMPLETE_e__Struct" filename="/home/runner/work/MsQuic.Net/MsQuic.Net/StirlingLabs.MsQuic.Bindings/Imported/msquic_generated.cs" line-rate="0" branch-rate="1" complexity="4">
          <methods>
            <method name="get_AppCloseInProgress" signature="()" line-rate="0" branch-rate="1" complexity="1">
              <lines>
                <line number="1835" hits="0" branch="False" />
              </lines>
            </method>
            <method name="set_AppCloseInProgress" signature="(System.Byte)" line-rate="0" branch-rate="1" complexity="1">
              <lines>
                <line number="1840" hits="0" branch="False" />
                <line number="1841" hits="0" branch="False" />
              </lines>
            </method>
            <method name="get_RESERVED" signature="()" line-rate="0" branch-rate="1" complexity="1">
              <lines>
                <line number="1849" hits="0" branch="False" />
              </lines>
            </method>
            <method name="set_RESERVED" signature="(System.Byte)" line-rate="0" branch-rate="1" complexity="1">
              <lines>
                <line number="1854" hits="0" branch="False" />
                <line number="1855" hits="0" branch="False" />
              </lines>
            </method>
          </methods>
          <lines>
            <line number="1835" hits="0" branch="False" />
            <line number="1840" hits="0" branch="False" />
            <line number="1841" hits="0" branch="False" />
            <line number="1849" hits="0" branch="False" />
            <line number="1854" hits="0" branch="False" />
            <line number="1855" hits="0" branch="False" />
          </lines>
        </class>
        <class name="StirlingLabs.MsQuic.Bindings.QUIC_CONNECTION_EVENT" filename="/home/runner/work/MsQuic.Net/MsQuic.Net/StirlingLabs.MsQuic.Bindings/Imported/msquic_generated.cs" line-rate="0.7333" branch-rate="1" complexity="15">
          <methods>
            <method name="get_CONNECTED" signature="()" line-rate="1" branch-rate="1" complexity="1">
              <lines>
                <line number="1892" hits="24" branch="False" />
              </lines>
            </method>
            <method name="get_SHUTDOWN_INITIATED_BY_TRANSPORT" signature="()" line-rate="0" branch-rate="1" complexity="1">
              <lines>
                <line number="1900" hits="0" branch="False" />
              </lines>
            </method>
            <method name="get_SHUTDOWN_INITIATED_BY_PEER" signature="()" line-rate="1" branch-rate="1" complexity="1">
              <lines>
                <line number="1908" hits="2" branch="False" />
              </lines>
            </method>
            <method name="get_SHUTDOWN_COMPLETE" signature="()" line-rate="0" branch-rate="1" complexity="1">
              <lines>
                <line number="1916" hits="0" branch="False" />
              </lines>
            </method>
            <method name="get_LOCAL_ADDRESS_CHANGED" signature="()" line-rate="0" branch-rate="1" complexity="1">
              <lines>
                <line number="1924" hits="0" branch="False" />
              </lines>
            </method>
            <method name="get_PEER_ADDRESS_CHANGED" signature="()" line-rate="0" branch-rate="1" complexity="1">
              <lines>
                <line number="1932" hits="0" branch="False" />
              </lines>
            </method>
            <method name="get_PEER_STREAM_STARTED" signature="()" line-rate="1" branch-rate="1" complexity="1">
              <lines>
                <line number="1940" hits="11" branch="False" />
              </lines>
            </method>
            <method name="get_STREAMS_AVAILABLE" signature="()" line-rate="1" branch-rate="1" complexity="1">
              <lines>
                <line number="1948" hits="13" branch="False" />
              </lines>
            </method>
            <method name="get_IDEAL_PROCESSOR_CHANGED" signature="()" line-rate="1" branch-rate="1" complexity="1">
              <lines>
                <line number="1956" hits="17" branch="False" />
              </lines>
            </method>
            <method name="get_DATAGRAM_STATE_CHANGED" signature="()" line-rate="1" branch-rate="1" complexity="1">
              <lines>
                <line number="1964" hits="63" branch="False" />
              </lines>
            </method>
            <method name="get_DATAGRAM_RECEIVED" signature="()" line-rate="1" branch-rate="1" complexity="1">
              <lines>
                <line number="1972" hits="4" branch="False" />
              </lines>
            </method>
            <method name="get_DATAGRAM_SEND_STATE_CHANGED" signature="()" line-rate="1" branch-rate="1" complexity="1">
              <lines>
                <line number="1980" hits="8" branch="False" />
              </lines>
            </method>
            <method name="get_RESUMED" signature="()" line-rate="1" branch-rate="1" complexity="1">
              <lines>
                <line number="1988" hits="1" branch="False" />
              </lines>
            </method>
            <method name="get_RESUMPTION_TICKET_RECEIVED" signature="()" line-rate="1" branch-rate="1" complexity="1">
              <lines>
                <line number="1996" hits="11" branch="False" />
              </lines>
            </method>
            <method name="get_PEER_CERTIFICATE_RECEIVED" signature="()" line-rate="1" branch-rate="1" complexity="1">
              <lines>
                <line number="2004" hits="23" branch="False" />
              </lines>
            </method>
          </methods>
          <lines>
            <line number="1892" hits="24" branch="False" />
            <line number="1900" hits="0" branch="False" />
            <line number="1908" hits="2" branch="False" />
            <line number="1916" hits="0" branch="False" />
            <line number="1924" hits="0" branch="False" />
            <line number="1932" hits="0" branch="False" />
            <line number="1940" hits="11" branch="False" />
            <line number="1948" hits="13" branch="False" />
            <line number="1956" hits="17" branch="False" />
            <line number="1964" hits="63" branch="False" />
            <line number="1972" hits="4" branch="False" />
            <line number="1980" hits="8" branch="False" />
            <line number="1988" hits="1" branch="False" />
            <line number="1996" hits="11" branch="False" />
            <line number="2004" hits="23" branch="False" />
          </lines>
        </class>
        <class name="StirlingLabs.MsQuic.Bindings.QUIC_CONNECTION_EVENT/_Anonymous_e__Union/_SHUTDOWN_COMPLETE_e__Struct" filename="/home/runner/work/MsQuic.Net/MsQuic.Net/StirlingLabs.MsQuic.Bindings/Imported/msquic_generated.cs" line-rate="0" branch-rate="1" complexity="6">
          <methods>
            <method name="get_HandshakeCompleted" signature="()" line-rate="0" branch-rate="1" complexity="1">
              <lines>
                <line number="2107" hits="0" branch="False" />
              </lines>
            </method>
            <method name="set_HandshakeCompleted" signature="(System.Byte)" line-rate="0" branch-rate="1" complexity="1">
              <lines>
                <line number="2112" hits="0" branch="False" />
                <line number="2113" hits="0" branch="False" />
              </lines>
            </method>
            <method name="get_PeerAcknowledgedShutdown" signature="()" line-rate="0" branch-rate="1" complexity="1">
              <lines>
                <line number="2121" hits="0" branch="False" />
              </lines>
            </method>
            <method name="set_PeerAcknowledgedShutdown" signature="(System.Byte)" line-rate="0" branch-rate="1" complexity="1">
              <lines>
                <line number="2126" hits="0" branch="False" />
                <line number="2127" hits="0" branch="False" />
              </lines>
            </method>
            <method name="get_AppCloseInProgress" signature="()" line-rate="0" branch-rate="1" complexity="1">
              <lines>
                <line number="2135" hits="0" branch="False" />
              </lines>
            </method>
            <method name="set_AppCloseInProgress" signature="(System.Byte)" line-rate="0" branch-rate="1" complexity="1">
              <lines>
                <line number="2140" hits="0" branch="False" />
                <line number="2141" hits="0" branch="False" />
              </lines>
            </method>
          </methods>
          <lines>
            <line number="2107" hits="0" branch="False" />
            <line number="2112" hits="0" branch="False" />
            <line number="2113" hits="0" branch="False" />
            <line number="2121" hits="0" branch="False" />
            <line number="2126" hits="0" branch="False" />
            <line number="2127" hits="0" branch="False" />
            <line number="2135" hits="0" branch="False" />
            <line number="2140" hits="0" branch="False" />
            <line number="2141" hits="0" branch="False" />
          </lines>
        </class>
        <class name="StirlingLabs.MsQuic.Bindings.QUIC_STREAM_EVENT" filename="/home/runner/work/MsQuic.Net/MsQuic.Net/StirlingLabs.MsQuic.Bindings/Imported/msquic_generated.cs" line-rate="0.625" branch-rate="1" complexity="8">
          <methods>
            <method name="get_START_COMPLETE" signature="()" line-rate="1" branch-rate="1" complexity="1">
              <lines>
                <line number="2264" hits="11" branch="False" />
              </lines>
            </method>
            <method name="get_RECEIVE" signature="()" line-rate="1" branch-rate="1" complexity="1">
              <lines>
                <line number="2272" hits="4" branch="False" />
              </lines>
            </method>
            <method name="get_SEND_COMPLETE" signature="()" line-rate="1" branch-rate="1" complexity="1">
              <lines>
                <line number="2280" hits="4" branch="False" />
              </lines>
            </method>
            <method name="get_PEER_SEND_ABORTED" signature="()" line-rate="0" branch-rate="1" complexity="1">
              <lines>
                <line number="2288" hits="0" branch="False" />
              </lines>
            </method>
            <method name="get_PEER_RECEIVE_ABORTED" signature="()" line-rate="0" branch-rate="1" complexity="1">
              <lines>
                <line number="2296" hits="0" branch="False" />
              </lines>
            </method>
            <method name="get_SEND_SHUTDOWN_COMPLETE" signature="()" line-rate="1" branch-rate="1" complexity="1">
              <lines>
                <line number="2304" hits="16" branch="False" />
              </lines>
            </method>
            <method name="get_SHUTDOWN_COMPLETE" signature="()" line-rate="1" branch-rate="1" complexity="1">
              <lines>
                <line number="2312" hits="22" branch="False" />
              </lines>
            </method>
            <method name="get_IDEAL_SEND_BUFFER_SIZE" signature="()" line-rate="0" branch-rate="1" complexity="1">
              <lines>
                <line number="2320" hits="0" branch="False" />
              </lines>
            </method>
          </methods>
          <lines>
            <line number="2264" hits="11" branch="False" />
            <line number="2272" hits="4" branch="False" />
            <line number="2280" hits="4" branch="False" />
            <line number="2288" hits="0" branch="False" />
            <line number="2296" hits="0" branch="False" />
            <line number="2304" hits="16" branch="False" />
            <line number="2312" hits="22" branch="False" />
            <line number="2320" hits="0" branch="False" />
          </lines>
        </class>
        <class name="StirlingLabs.MsQuic.Bindings.QUIC_STREAM_EVENT/_Anonymous_e__Union/_START_COMPLETE_e__Struct" filename="/home/runner/work/MsQuic.Net/MsQuic.Net/StirlingLabs.MsQuic.Bindings/Imported/msquic_generated.cs" line-rate="0.1666" branch-rate="1" complexity="4">
          <methods>
            <method name="get_PeerAccepted" signature="()" line-rate="1" branch-rate="1" complexity="1">
              <lines>
                <line number="2374" hits="11" branch="False" />
              </lines>
            </method>
            <method name="set_PeerAccepted" signature="(System.Byte)" line-rate="0" branch-rate="1" complexity="1">
              <lines>
                <line number="2379" hits="0" branch="False" />
                <line number="2380" hits="0" branch="False" />
              </lines>
            </method>
            <method name="get_RESERVED" signature="()" line-rate="0" branch-rate="1" complexity="1">
              <lines>
                <line number="2388" hits="0" branch="False" />
              </lines>
            </method>
            <method name="set_RESERVED" signature="(System.Byte)" line-rate="0" branch-rate="1" complexity="1">
              <lines>
                <line number="2393" hits="0" branch="False" />
                <line number="2394" hits="0" branch="False" />
              </lines>
            </method>
          </methods>
          <lines>
            <line number="2374" hits="11" branch="False" />
            <line number="2379" hits="0" branch="False" />
            <line number="2380" hits="0" branch="False" />
            <line number="2388" hits="0" branch="False" />
            <line number="2393" hits="0" branch="False" />
            <line number="2394" hits="0" branch="False" />
          </lines>
        </class>
        <class name="StirlingLabs.MsQuic.Bindings.QUIC_STREAM_EVENT/_Anonymous_e__Union/_SHUTDOWN_COMPLETE_e__Struct" filename="/home/runner/work/MsQuic.Net/MsQuic.Net/StirlingLabs.MsQuic.Bindings/Imported/msquic_generated.cs" line-rate="0.0833" branch-rate="1" complexity="8">
          <methods>
            <method name="get_AppCloseInProgress" signature="()" line-rate="1" branch-rate="1" complexity="1">
              <lines>
                <line number="2453" hits="22" branch="False" />
              </lines>
            </method>
            <method name="set_AppCloseInProgress" signature="(System.Byte)" line-rate="0" branch-rate="1" complexity="1">
              <lines>
                <line number="2458" hits="0" branch="False" />
                <line number="2459" hits="0" branch="False" />
              </lines>
            </method>
            <method name="get_ConnectionShutdownByApp" signature="()" line-rate="0" branch-rate="1" complexity="1">
              <lines>
                <line number="2467" hits="0" branch="False" />
              </lines>
            </method>
            <method name="set_ConnectionShutdownByApp" signature="(System.Byte)" line-rate="0" branch-rate="1" complexity="1">
              <lines>
                <line number="2472" hits="0" branch="False" />
                <line number="2473" hits="0" branch="False" />
              </lines>
            </method>
            <method name="get_ConnectionClosedRemotely" signature="()" line-rate="0" branch-rate="1" complexity="1">
              <lines>
                <line number="2481" hits="0" branch="False" />
              </lines>
            </method>
            <method name="set_ConnectionClosedRemotely" signature="(System.Byte)" line-rate="0" branch-rate="1" complexity="1">
              <lines>
                <line number="2486" hits="0" branch="False" />
                <line number="2487" hits="0" branch="False" />
              </lines>
            </method>
            <method name="get_RESERVED" signature="()" line-rate="0" branch-rate="1" complexity="1">
              <lines>
                <line number="2495" hits="0" branch="False" />
              </lines>
            </method>
            <method name="set_RESERVED" signature="(System.Byte)" line-rate="0" branch-rate="1" complexity="1">
              <lines>
                <line number="2500" hits="0" branch="False" />
                <line number="2501" hits="0" branch="False" />
              </lines>
            </method>
          </methods>
          <lines>
            <line number="2453" hits="22" branch="False" />
            <line number="2458" hits="0" branch="False" />
            <line number="2459" hits="0" branch="False" />
            <line number="2467" hits="0" branch="False" />
            <line number="2472" hits="0" branch="False" />
            <line number="2473" hits="0" branch="False" />
            <line number="2481" hits="0" branch="False" />
            <line number="2486" hits="0" branch="False" />
            <line number="2487" hits="0" branch="False" />
            <line number="2495" hits="0" branch="False" />
            <line number="2500" hits="0" branch="False" />
            <line number="2501" hits="0" branch="False" />
          </lines>
        </class>
      </classes>
    </package>
  </packages>
</coverage>