<?xml version="1.0" encoding="utf-8"?>
<coverage line-rate="0.3107" branch-rate="0.2522" version="1.9" timestamp="1651170313" lines-covered="142" lines-valid="457" branches-covered="114" branches-valid="452">
  <sources />
  <packages>
    <package name="Microsoft.Quic.MsQuic.Windows" line-rate="0" branch-rate="0" complexity="220">
      <classes>
        <class name="Microsoft.Quic.MsQuicStatusImpl" filename="/home/runner/work/MsQuic.Net/MsQuic.Net/Microsoft.Quic.MsQuic.Windows/MsQuicStatusImpl.cs" line-rate="0" branch-rate="0" complexity="220">
          <methods>
            <method name="GetNameForStatus" signature="(System.Int32)" line-rate="0" branch-rate="0" complexity="64">
              <lines>
                <line number="14" hits="0" branch="True" condition-coverage="0% (0/64)">
                  <conditions>
                    <condition number="6" type="jump" coverage="0%" />
                    <condition number="17" type="jump" coverage="0%" />
                    <condition number="25" type="jump" coverage="0%" />
                    <condition number="33" type="jump" coverage="0%" />
                    <condition number="60" type="jump" coverage="0%" />
                    <condition number="87" type="jump" coverage="0%" />
                    <condition number="95" type="jump" coverage="0%" />
                    <condition number="122" type="jump" coverage="0%" />
                    <condition number="133" type="jump" coverage="0%" />
                    <condition number="160" type="jump" coverage="0%" />
                    <condition number="168" type="jump" coverage="0%" />
                    <condition number="176" type="jump" coverage="0%" />
                    <condition number="203" type="jump" coverage="0%" />
                    <condition number="214" type="jump" coverage="0%" />
                    <condition number="278" type="jump" coverage="0%" />
                    <condition number="286" type="jump" coverage="0%" />
                    <condition number="329" type="jump" coverage="0%" />
                    <condition number="337" type="jump" coverage="0%" />
                    <condition number="345" type="jump" coverage="0%" />
                    <condition number="71" type="jump" coverage="0%" />
                    <condition number="144" type="jump" coverage="0%" />
                    <condition number="106" type="jump" coverage="0%" />
                    <condition number="226" type="switch" coverage="0%" />
                    <condition number="44" type="jump" coverage="0%" />
                    <condition number="187" type="jump" coverage="0%" />
                    <condition number="298" type="switch" coverage="0%" />
                  </conditions>
                </line>
                <line number="15" hits="0" branch="False" />
                <line number="16" hits="0" branch="False" />
                <line number="17" hits="0" branch="False" />
                <line number="18" hits="0" branch="False" />
                <line number="19" hits="0" branch="False" />
                <line number="20" hits="0" branch="False" />
                <line number="21" hits="0" branch="False" />
                <line number="22" hits="0" branch="False" />
                <line number="23" hits="0" branch="False" />
                <line number="24" hits="0" branch="False" />
                <line number="25" hits="0" branch="False" />
                <line number="26" hits="0" branch="False" />
                <line number="27" hits="0" branch="False" />
                <line number="28" hits="0" branch="False" />
                <line number="29" hits="0" branch="False" />
                <line number="30" hits="0" branch="False" />
                <line number="31" hits="0" branch="False" />
                <line number="32" hits="0" branch="False" />
                <line number="33" hits="0" branch="False" />
                <line number="34" hits="0" branch="False" />
                <line number="35" hits="0" branch="False" />
                <line number="36" hits="0" branch="False" />
                <line number="37" hits="0" branch="False" />
                <line number="38" hits="0" branch="False" />
                <line number="39" hits="0" branch="False" />
                <line number="40" hits="0" branch="False" />
                <line number="41" hits="0" branch="False" />
                <line number="42" hits="0" branch="False" />
                <line number="43" hits="0" branch="False" />
                <line number="44" hits="0" branch="False" />
                <line number="45" hits="0" branch="False" />
                <line number="46" hits="0" branch="False" />
                <line number="47" hits="0" branch="False" />
                <line number="48" hits="0" branch="False" />
              </lines>
            </method>
            <method name="ResolveNameToStatus" signature="(System.String)" line-rate="0" branch-rate="0" complexity="152">
              <lines>
                <line number="52" hits="0" branch="True" condition-coverage="0% (0/152)">
                  <conditions>
                    <condition number="13" type="jump" coverage="0%" />
                    <condition number="24" type="jump" coverage="0%" />
                    <condition number="32" type="jump" coverage="0%" />
                    <condition number="40" type="jump" coverage="0%" />
                    <condition number="51" type="jump" coverage="0%" />
                    <condition number="78" type="jump" coverage="0%" />
                    <condition number="86" type="jump" coverage="0%" />
                    <condition number="113" type="jump" coverage="0%" />
                    <condition number="140" type="jump" coverage="0%" />
                    <condition number="148" type="jump" coverage="0%" />
                    <condition number="156" type="jump" coverage="0%" />
                    <condition number="183" type="jump" coverage="0%" />
                    <condition number="210" type="jump" coverage="0%" />
                    <condition number="218" type="jump" coverage="0%" />
                    <condition number="245" type="jump" coverage="0%" />
                    <condition number="272" type="jump" coverage="0%" />
                    <condition number="283" type="jump" coverage="0%" />
                    <condition number="291" type="jump" coverage="0%" />
                    <condition number="299" type="jump" coverage="0%" />
                    <condition number="326" type="jump" coverage="0%" />
                    <condition number="353" type="jump" coverage="0%" />
                    <condition number="361" type="jump" coverage="0%" />
                    <condition number="388" type="jump" coverage="0%" />
                    <condition number="415" type="jump" coverage="0%" />
                    <condition number="423" type="jump" coverage="0%" />
                    <condition number="431" type="jump" coverage="0%" />
                    <condition number="455" type="jump" coverage="0%" />
                    <condition number="482" type="jump" coverage="0%" />
                    <condition number="490" type="jump" coverage="0%" />
                    <condition number="514" type="jump" coverage="0%" />
                    <condition number="167" type="jump" coverage="0%" />
                    <condition number="337" type="jump" coverage="0%" />
                    <condition number="97" type="jump" coverage="0%" />
                    <condition number="372" type="jump" coverage="0%" />
                    <condition number="229" type="jump" coverage="0%" />
                    <condition number="525" type="jump" coverage="0%" />
                    <condition number="466" type="jump" coverage="0%" />
                    <condition number="124" type="jump" coverage="0%" />
                    <condition number="498" type="jump" coverage="0%" />
                    <condition number="439" type="jump" coverage="0%" />
                    <condition number="62" type="jump" coverage="0%" />
                    <condition number="399" type="jump" coverage="0%" />
                    <condition number="310" type="jump" coverage="0%" />
                    <condition number="256" type="jump" coverage="0%" />
                    <condition number="194" type="jump" coverage="0%" />
                    <condition number="546" type="jump" coverage="0%" />
                    <condition number="567" type="jump" coverage="0%" />
                    <condition number="588" type="jump" coverage="0%" />
                    <condition number="609" type="jump" coverage="0%" />
                    <condition number="630" type="jump" coverage="0%" />
                    <condition number="651" type="jump" coverage="0%" />
                    <condition number="672" type="jump" coverage="0%" />
                    <condition number="693" type="jump" coverage="0%" />
                    <condition number="714" type="jump" coverage="0%" />
                    <condition number="735" type="jump" coverage="0%" />
                    <condition number="756" type="jump" coverage="0%" />
                    <condition number="777" type="jump" coverage="0%" />
                    <condition number="798" type="jump" coverage="0%" />
                    <condition number="819" type="jump" coverage="0%" />
                    <condition number="840" type="jump" coverage="0%" />
                    <condition number="861" type="jump" coverage="0%" />
                    <condition number="882" type="jump" coverage="0%" />
                    <condition number="903" type="jump" coverage="0%" />
                    <condition number="924" type="jump" coverage="0%" />
                    <condition number="945" type="jump" coverage="0%" />
                    <condition number="966" type="jump" coverage="0%" />
                    <condition number="987" type="jump" coverage="0%" />
                    <condition number="1008" type="jump" coverage="0%" />
                    <condition number="1029" type="jump" coverage="0%" />
                    <condition number="1050" type="jump" coverage="0%" />
                    <condition number="1071" type="jump" coverage="0%" />
                    <condition number="1092" type="jump" coverage="0%" />
                    <condition number="1113" type="jump" coverage="0%" />
                    <condition number="1134" type="jump" coverage="0%" />
                    <condition number="1155" type="jump" coverage="0%" />
                    <condition number="1176" type="jump" coverage="0%" />
                  </conditions>
                </line>
                <line number="53" hits="0" branch="False" />
                <line number="54" hits="0" branch="False" />
                <line number="55" hits="0" branch="False" />
                <line number="56" hits="0" branch="False" />
                <line number="57" hits="0" branch="False" />
                <line number="58" hits="0" branch="False" />
                <line number="59" hits="0" branch="False" />
                <line number="60" hits="0" branch="False" />
                <line number="61" hits="0" branch="False" />
                <line number="62" hits="0" branch="False" />
                <line number="63" hits="0" branch="False" />
                <line number="64" hits="0" branch="False" />
                <line number="65" hits="0" branch="False" />
                <line number="66" hits="0" branch="False" />
                <line number="67" hits="0" branch="False" />
                <line number="68" hits="0" branch="False" />
                <line number="69" hits="0" branch="False" />
                <line number="70" hits="0" branch="False" />
                <line number="71" hits="0" branch="False" />
                <line number="72" hits="0" branch="False" />
                <line number="73" hits="0" branch="False" />
                <line number="74" hits="0" branch="False" />
                <line number="75" hits="0" branch="False" />
                <line number="76" hits="0" branch="False" />
                <line number="77" hits="0" branch="False" />
                <line number="78" hits="0" branch="False" />
                <line number="79" hits="0" branch="False" />
                <line number="80" hits="0" branch="False" />
                <line number="81" hits="0" branch="False" />
                <line number="82" hits="0" branch="False" />
                <line number="83" hits="0" branch="False" />
                <line number="84" hits="0" branch="False" />
                <line number="85" hits="0" branch="False" />
                <line number="86" hits="0" branch="False" />
              </lines>
            </method>
            <method name="IsSuccess" signature="(System.Int32)" line-rate="0" branch-rate="1" complexity="1">
              <lines>
                <line number="90" hits="0" branch="False" />
              </lines>
            </method>
            <method name="IsPending" signature="(System.Int32)" line-rate="0" branch-rate="1" complexity="1">
              <lines>
                <line number="94" hits="0" branch="False" />
              </lines>
            </method>
            <method name="IsContinue" signature="(System.Int32)" line-rate="0" branch-rate="1" complexity="1">
              <lines>
                <line number="98" hits="0" branch="False" />
              </lines>
            </method>
            <method name="IsFailure" signature="(System.Int32)" line-rate="0" branch-rate="1" complexity="1">
              <lines>
                <line number="102" hits="0" branch="False" />
              </lines>
            </method>
          </methods>
          <lines>
            <line number="14" hits="0" branch="True" condition-coverage="0% (0/64)">
              <conditions>
                <condition number="6" type="jump" coverage="0%" />
                <condition number="17" type="jump" coverage="0%" />
                <condition number="25" type="jump" coverage="0%" />
                <condition number="33" type="jump" coverage="0%" />
                <condition number="60" type="jump" coverage="0%" />
                <condition number="87" type="jump" coverage="0%" />
                <condition number="95" type="jump" coverage="0%" />
                <condition number="122" type="jump" coverage="0%" />
                <condition number="133" type="jump" coverage="0%" />
                <condition number="160" type="jump" coverage="0%" />
                <condition number="168" type="jump" coverage="0%" />
                <condition number="176" type="jump" coverage="0%" />
                <condition number="203" type="jump" coverage="0%" />
                <condition number="214" type="jump" coverage="0%" />
                <condition number="278" type="jump" coverage="0%" />
                <condition number="286" type="jump" coverage="0%" />
                <condition number="329" type="jump" coverage="0%" />
                <condition number="337" type="jump" coverage="0%" />
                <condition number="345" type="jump" coverage="0%" />
                <condition number="71" type="jump" coverage="0%" />
                <condition number="144" type="jump" coverage="0%" />
                <condition number="106" type="jump" coverage="0%" />
                <condition number="226" type="switch" coverage="0%" />
                <condition number="44" type="jump" coverage="0%" />
                <condition number="187" type="jump" coverage="0%" />
                <condition number="298" type="switch" coverage="0%" />
              </conditions>
            </line>
            <line number="15" hits="0" branch="False" />
            <line number="16" hits="0" branch="False" />
            <line number="17" hits="0" branch="False" />
            <line number="18" hits="0" branch="False" />
            <line number="19" hits="0" branch="False" />
            <line number="20" hits="0" branch="False" />
            <line number="21" hits="0" branch="False" />
            <line number="22" hits="0" branch="False" />
            <line number="23" hits="0" branch="False" />
            <line number="24" hits="0" branch="False" />
            <line number="25" hits="0" branch="False" />
            <line number="26" hits="0" branch="False" />
            <line number="27" hits="0" branch="False" />
            <line number="28" hits="0" branch="False" />
            <line number="29" hits="0" branch="False" />
            <line number="30" hits="0" branch="False" />
            <line number="31" hits="0" branch="False" />
            <line number="32" hits="0" branch="False" />
            <line number="33" hits="0" branch="False" />
            <line number="34" hits="0" branch="False" />
            <line number="35" hits="0" branch="False" />
            <line number="36" hits="0" branch="False" />
            <line number="37" hits="0" branch="False" />
            <line number="38" hits="0" branch="False" />
            <line number="39" hits="0" branch="False" />
            <line number="40" hits="0" branch="False" />
            <line number="41" hits="0" branch="False" />
            <line number="42" hits="0" branch="False" />
            <line number="43" hits="0" branch="False" />
            <line number="44" hits="0" branch="False" />
            <line number="45" hits="0" branch="False" />
            <line number="46" hits="0" branch="False" />
            <line number="47" hits="0" branch="False" />
            <line number="48" hits="0" branch="False" />
            <line number="52" hits="0" branch="True" condition-coverage="0% (0/152)">
              <conditions>
                <condition number="13" type="jump" coverage="0%" />
                <condition number="24" type="jump" coverage="0%" />
                <condition number="32" type="jump" coverage="0%" />
                <condition number="40" type="jump" coverage="0%" />
                <condition number="51" type="jump" coverage="0%" />
                <condition number="78" type="jump" coverage="0%" />
                <condition number="86" type="jump" coverage="0%" />
                <condition number="113" type="jump" coverage="0%" />
                <condition number="140" type="jump" coverage="0%" />
                <condition number="148" type="jump" coverage="0%" />
                <condition number="156" type="jump" coverage="0%" />
                <condition number="183" type="jump" coverage="0%" />
                <condition number="210" type="jump" coverage="0%" />
                <condition number="218" type="jump" coverage="0%" />
                <condition number="245" type="jump" coverage="0%" />
                <condition number="272" type="jump" coverage="0%" />
                <condition number="283" type="jump" coverage="0%" />
                <condition number="291" type="jump" coverage="0%" />
                <condition number="299" type="jump" coverage="0%" />
                <condition number="326" type="jump" coverage="0%" />
                <condition number="353" type="jump" coverage="0%" />
                <condition number="361" type="jump" coverage="0%" />
                <condition number="388" type="jump" coverage="0%" />
                <condition number="415" type="jump" coverage="0%" />
                <condition number="423" type="jump" coverage="0%" />
                <condition number="431" type="jump" coverage="0%" />
                <condition number="455" type="jump" coverage="0%" />
                <condition number="482" type="jump" coverage="0%" />
                <condition number="490" type="jump" coverage="0%" />
                <condition number="514" type="jump" coverage="0%" />
                <condition number="167" type="jump" coverage="0%" />
                <condition number="337" type="jump" coverage="0%" />
                <condition number="97" type="jump" coverage="0%" />
                <condition number="372" type="jump" coverage="0%" />
                <condition number="229" type="jump" coverage="0%" />
                <condition number="525" type="jump" coverage="0%" />
                <condition number="466" type="jump" coverage="0%" />
                <condition number="124" type="jump" coverage="0%" />
                <condition number="498" type="jump" coverage="0%" />
                <condition number="439" type="jump" coverage="0%" />
                <condition number="62" type="jump" coverage="0%" />
                <condition number="399" type="jump" coverage="0%" />
                <condition number="310" type="jump" coverage="0%" />
                <condition number="256" type="jump" coverage="0%" />
                <condition number="194" type="jump" coverage="0%" />
                <condition number="546" type="jump" coverage="0%" />
                <condition number="567" type="jump" coverage="0%" />
                <condition number="588" type="jump" coverage="0%" />
                <condition number="609" type="jump" coverage="0%" />
                <condition number="630" type="jump" coverage="0%" />
                <condition number="651" type="jump" coverage="0%" />
                <condition number="672" type="jump" coverage="0%" />
                <condition number="693" type="jump" coverage="0%" />
                <condition number="714" type="jump" coverage="0%" />
                <condition number="735" type="jump" coverage="0%" />
                <condition number="756" type="jump" coverage="0%" />
                <condition number="777" type="jump" coverage="0%" />
                <condition number="798" type="jump" coverage="0%" />
                <condition number="819" type="jump" coverage="0%" />
                <condition number="840" type="jump" coverage="0%" />
                <condition number="861" type="jump" coverage="0%" />
                <condition number="882" type="jump" coverage="0%" />
                <condition number="903" type="jump" coverage="0%" />
                <condition number="924" type="jump" coverage="0%" />
                <condition number="945" type="jump" coverage="0%" />
                <condition number="966" type="jump" coverage="0%" />
                <condition number="987" type="jump" coverage="0%" />
                <condition number="1008" type="jump" coverage="0%" />
                <condition number="1029" type="jump" coverage="0%" />
                <condition number="1050" type="jump" coverage="0%" />
                <condition number="1071" type="jump" coverage="0%" />
                <condition number="1092" type="jump" coverage="0%" />
                <condition number="1113" type="jump" coverage="0%" />
                <condition number="1134" type="jump" coverage="0%" />
                <condition number="1155" type="jump" coverage="0%" />
                <condition number="1176" type="jump" coverage="0%" />
              </conditions>
            </line>
            <line number="53" hits="0" branch="False" />
            <line number="54" hits="0" branch="False" />
            <line number="55" hits="0" branch="False" />
            <line number="56" hits="0" branch="False" />
            <line number="57" hits="0" branch="False" />
            <line number="58" hits="0" branch="False" />
            <line number="59" hits="0" branch="False" />
            <line number="60" hits="0" branch="False" />
            <line number="61" hits="0" branch="False" />
            <line number="62" hits="0" branch="False" />
            <line number="63" hits="0" branch="False" />
            <line number="64" hits="0" branch="False" />
            <line number="65" hits="0" branch="False" />
            <line number="66" hits="0" branch="False" />
            <line number="67" hits="0" branch="False" />
            <line number="68" hits="0" branch="False" />
            <line number="69" hits="0" branch="False" />
            <line number="70" hits="0" branch="False" />
            <line number="71" hits="0" branch="False" />
            <line number="72" hits="0" branch="False" />
            <line number="73" hits="0" branch="False" />
            <line number="74" hits="0" branch="False" />
            <line number="75" hits="0" branch="False" />
            <line number="76" hits="0" branch="False" />
            <line number="77" hits="0" branch="False" />
            <line number="78" hits="0" branch="False" />
            <line number="79" hits="0" branch="False" />
            <line number="80" hits="0" branch="False" />
            <line number="81" hits="0" branch="False" />
            <line number="82" hits="0" branch="False" />
            <line number="83" hits="0" branch="False" />
            <line number="84" hits="0" branch="False" />
            <line number="85" hits="0" branch="False" />
            <line number="86" hits="0" branch="False" />
            <line number="90" hits="0" branch="False" />
            <line number="94" hits="0" branch="False" />
            <line number="98" hits="0" branch="False" />
            <line number="102" hits="0" branch="False" />
          </lines>
        </class>
      </classes>
    </package>
    <package name="Microsoft.Quic.MsQuic.Posix" line-rate="0.5405" branch-rate="0.49090000000000006" complexity="224">
      <classes>
        <class name="Microsoft.Quic.MsQuicStatusImpl" filename="/home/runner/work/MsQuic.Net/MsQuic.Net/Microsoft.Quic.MsQuic.Posix/MsQuicStatusImpl.cs" line-rate="0.5405" branch-rate="0.49090000000000006" complexity="224">
          <methods>
            <method name="GetNameForStatus" signature="(System.Int32)" line-rate="0.1142" branch-rate="0.0588" complexity="68">
              <lines>
                <line number="14" hits="18" branch="True" condition-coverage="5.88% (4/68)">
                  <conditions>
                    <condition number="3" type="jump" coverage="50%" />
                    <condition number="11" type="jump" coverage="50%" />
                    <condition number="16" type="jump" coverage="50%" />
                    <condition number="22" type="switch" coverage="11.11%" />
                    <condition number="75" type="jump" coverage="0%" />
                    <condition number="96" type="jump" coverage="0%" />
                    <condition number="101" type="jump" coverage="0%" />
                    <condition number="122" type="jump" coverage="0%" />
                    <condition number="172" type="jump" coverage="0%" />
                    <condition number="177" type="jump" coverage="0%" />
                    <condition number="182" type="jump" coverage="0%" />
                    <condition number="220" type="jump" coverage="0%" />
                    <condition number="244" type="jump" coverage="0%" />
                    <condition number="252" type="jump" coverage="0%" />
                    <condition number="280" type="switch" coverage="0%" />
                    <condition number="311" type="jump" coverage="0%" />
                    <condition number="62" type="jump" coverage="0%" />
                    <condition number="131" type="switch" coverage="0%" />
                    <condition number="109" type="jump" coverage="0%" />
                    <condition number="191" type="switch" coverage="0%" />
                    <condition number="83" type="jump" coverage="0%" />
                    <condition number="228" type="jump" coverage="0%" />
                    <condition number="263" type="jump" coverage="0%" />
                    <condition number="322" type="jump" coverage="0%" />
                  </conditions>
                </line>
                <line number="15" hits="18" branch="False" />
                <line number="16" hits="18" branch="False" />
                <line number="17" hits="0" branch="False" />
                <line number="18" hits="0" branch="False" />
                <line number="19" hits="0" branch="False" />
                <line number="20" hits="0" branch="False" />
                <line number="21" hits="0" branch="False" />
                <line number="22" hits="0" branch="False" />
                <line number="23" hits="0" branch="False" />
                <line number="24" hits="0" branch="False" />
                <line number="25" hits="0" branch="False" />
                <line number="26" hits="0" branch="False" />
                <line number="27" hits="0" branch="False" />
                <line number="28" hits="0" branch="False" />
                <line number="29" hits="0" branch="False" />
                <line number="30" hits="0" branch="False" />
                <line number="31" hits="0" branch="False" />
                <line number="32" hits="0" branch="False" />
                <line number="33" hits="0" branch="False" />
                <line number="34" hits="0" branch="False" />
                <line number="35" hits="0" branch="False" />
                <line number="36" hits="0" branch="False" />
                <line number="37" hits="0" branch="False" />
                <line number="38" hits="0" branch="False" />
                <line number="39" hits="0" branch="False" />
                <line number="40" hits="0" branch="False" />
                <line number="41" hits="0" branch="False" />
                <line number="42" hits="0" branch="False" />
                <line number="43" hits="0" branch="False" />
                <line number="44" hits="0" branch="False" />
                <line number="45" hits="0" branch="False" />
                <line number="46" hits="0" branch="False" />
                <line number="47" hits="0" branch="False" />
                <line number="48" hits="18" branch="False" />
              </lines>
            </method>
            <method name="ResolveNameToStatus" signature="(System.String)" line-rate="0.9428" branch-rate="0.6842" complexity="152">
              <lines>
                <line number="52" hits="30" branch="True" condition-coverage="68.42% (104/152)">
                  <conditions>
                    <condition number="13" type="jump" coverage="100%" />
                    <condition number="24" type="jump" coverage="100%" />
                    <condition number="32" type="jump" coverage="100%" />
                    <condition number="40" type="jump" coverage="100%" />
                    <condition number="51" type="jump" coverage="100%" />
                    <condition number="78" type="jump" coverage="100%" />
                    <condition number="86" type="jump" coverage="100%" />
                    <condition number="113" type="jump" coverage="100%" />
                    <condition number="140" type="jump" coverage="100%" />
                    <condition number="148" type="jump" coverage="100%" />
                    <condition number="156" type="jump" coverage="100%" />
                    <condition number="183" type="jump" coverage="100%" />
                    <condition number="210" type="jump" coverage="100%" />
                    <condition number="218" type="jump" coverage="100%" />
                    <condition number="245" type="jump" coverage="100%" />
                    <condition number="272" type="jump" coverage="100%" />
                    <condition number="283" type="jump" coverage="100%" />
                    <condition number="291" type="jump" coverage="100%" />
                    <condition number="299" type="jump" coverage="100%" />
                    <condition number="326" type="jump" coverage="100%" />
                    <condition number="353" type="jump" coverage="100%" />
                    <condition number="361" type="jump" coverage="100%" />
                    <condition number="388" type="jump" coverage="100%" />
                    <condition number="415" type="jump" coverage="100%" />
                    <condition number="423" type="jump" coverage="100%" />
                    <condition number="431" type="jump" coverage="50%" />
                    <condition number="455" type="jump" coverage="100%" />
                    <condition number="482" type="jump" coverage="100%" />
                    <condition number="490" type="jump" coverage="100%" />
                    <condition number="514" type="jump" coverage="100%" />
                    <condition number="167" type="jump" coverage="50%" />
                    <condition number="337" type="jump" coverage="50%" />
                    <condition number="97" type="jump" coverage="50%" />
                    <condition number="372" type="jump" coverage="50%" />
                    <condition number="229" type="jump" coverage="50%" />
                    <condition number="525" type="jump" coverage="50%" />
                    <condition number="466" type="jump" coverage="50%" />
                    <condition number="124" type="jump" coverage="50%" />
                    <condition number="498" type="jump" coverage="50%" />
                    <condition number="439" type="jump" coverage="50%" />
                    <condition number="62" type="jump" coverage="50%" />
                    <condition number="399" type="jump" coverage="50%" />
                    <condition number="310" type="jump" coverage="50%" />
                    <condition number="256" type="jump" coverage="50%" />
                    <condition number="194" type="jump" coverage="50%" />
                    <condition number="546" type="jump" coverage="0%" />
                    <condition number="567" type="jump" coverage="50%" />
                    <condition number="588" type="jump" coverage="50%" />
                    <condition number="609" type="jump" coverage="50%" />
                    <condition number="630" type="jump" coverage="50%" />
                    <condition number="651" type="jump" coverage="50%" />
                    <condition number="672" type="jump" coverage="50%" />
                    <condition number="693" type="jump" coverage="50%" />
                    <condition number="714" type="jump" coverage="50%" />
                    <condition number="735" type="jump" coverage="50%" />
                    <condition number="756" type="jump" coverage="50%" />
                    <condition number="777" type="jump" coverage="50%" />
                    <condition number="798" type="jump" coverage="50%" />
                    <condition number="819" type="jump" coverage="50%" />
                    <condition number="840" type="jump" coverage="50%" />
                    <condition number="861" type="jump" coverage="50%" />
                    <condition number="882" type="jump" coverage="50%" />
                    <condition number="903" type="jump" coverage="50%" />
                    <condition number="924" type="jump" coverage="50%" />
                    <condition number="945" type="jump" coverage="50%" />
                    <condition number="966" type="jump" coverage="50%" />
                    <condition number="987" type="jump" coverage="50%" />
                    <condition number="1008" type="jump" coverage="50%" />
                    <condition number="1029" type="jump" coverage="50%" />
                    <condition number="1050" type="jump" coverage="50%" />
                    <condition number="1071" type="jump" coverage="50%" />
                    <condition number="1092" type="jump" coverage="50%" />
                    <condition number="1113" type="jump" coverage="50%" />
                    <condition number="1134" type="jump" coverage="50%" />
                    <condition number="1155" type="jump" coverage="50%" />
                    <condition number="1176" type="jump" coverage="50%" />
                  </conditions>
                </line>
                <line number="53" hits="30" branch="False" />
                <line number="54" hits="0" branch="False" />
                <line number="55" hits="1" branch="False" />
                <line number="56" hits="1" branch="False" />
                <line number="57" hits="1" branch="False" />
                <line number="58" hits="1" branch="False" />
                <line number="59" hits="1" branch="False" />
                <line number="60" hits="1" branch="False" />
                <line number="61" hits="1" branch="False" />
                <line number="62" hits="1" branch="False" />
                <line number="63" hits="1" branch="False" />
                <line number="64" hits="1" branch="False" />
                <line number="65" hits="1" branch="False" />
                <line number="66" hits="1" branch="False" />
                <line number="67" hits="1" branch="False" />
                <line number="68" hits="1" branch="False" />
                <line number="69" hits="1" branch="False" />
                <line number="70" hits="1" branch="False" />
                <line number="71" hits="1" branch="False" />
                <line number="72" hits="1" branch="False" />
                <line number="73" hits="1" branch="False" />
                <line number="74" hits="1" branch="False" />
                <line number="75" hits="1" branch="False" />
                <line number="76" hits="1" branch="False" />
                <line number="77" hits="1" branch="False" />
                <line number="78" hits="1" branch="False" />
                <line number="79" hits="1" branch="False" />
                <line number="80" hits="1" branch="False" />
                <line number="81" hits="1" branch="False" />
                <line number="82" hits="1" branch="False" />
                <line number="83" hits="1" branch="False" />
                <line number="84" hits="1" branch="False" />
                <line number="85" hits="0" branch="False" />
                <line number="86" hits="30" branch="False" />
              </lines>
            </method>
            <method name="IsSuccess" signature="(System.Int32)" line-rate="1" branch-rate="1" complexity="1">
              <lines>
                <line number="91" hits="206" branch="False" />
              </lines>
            </method>
            <method name="IsPending" signature="(System.Int32)" line-rate="1" branch-rate="1" complexity="1">
              <lines>
                <line number="95" hits="20" branch="False" />
              </lines>
            </method>
            <method name="IsContinue" signature="(System.Int32)" line-rate="0" branch-rate="1" complexity="1">
              <lines>
                <line number="99" hits="0" branch="False" />
              </lines>
            </method>
            <method name="IsFailure" signature="(System.Int32)" line-rate="1" branch-rate="1" complexity="1">
              <lines>
                <line number="103" hits="28" branch="False" />
              </lines>
            </method>
          </methods>
          <lines>
            <line number="14" hits="18" branch="True" condition-coverage="5.88% (4/68)">
              <conditions>
                <condition number="3" type="jump" coverage="50%" />
                <condition number="11" type="jump" coverage="50%" />
                <condition number="16" type="jump" coverage="50%" />
                <condition number="22" type="switch" coverage="11.11%" />
                <condition number="75" type="jump" coverage="0%" />
                <condition number="96" type="jump" coverage="0%" />
                <condition number="101" type="jump" coverage="0%" />
                <condition number="122" type="jump" coverage="0%" />
                <condition number="172" type="jump" coverage="0%" />
                <condition number="177" type="jump" coverage="0%" />
                <condition number="182" type="jump" coverage="0%" />
                <condition number="220" type="jump" coverage="0%" />
                <condition number="244" type="jump" coverage="0%" />
                <condition number="252" type="jump" coverage="0%" />
                <condition number="280" type="switch" coverage="0%" />
                <condition number="311" type="jump" coverage="0%" />
                <condition number="62" type="jump" coverage="0%" />
                <condition number="131" type="switch" coverage="0%" />
                <condition number="109" type="jump" coverage="0%" />
                <condition number="191" type="switch" coverage="0%" />
                <condition number="83" type="jump" coverage="0%" />
                <condition number="228" type="jump" coverage="0%" />
                <condition number="263" type="jump" coverage="0%" />
                <condition number="322" type="jump" coverage="0%" />
              </conditions>
            </line>
            <line number="15" hits="18" branch="False" />
            <line number="16" hits="18" branch="False" />
            <line number="17" hits="0" branch="False" />
            <line number="18" hits="0" branch="False" />
            <line number="19" hits="0" branch="False" />
            <line number="20" hits="0" branch="False" />
            <line number="21" hits="0" branch="False" />
            <line number="22" hits="0" branch="False" />
            <line number="23" hits="0" branch="False" />
            <line number="24" hits="0" branch="False" />
            <line number="25" hits="0" branch="False" />
            <line number="26" hits="0" branch="False" />
            <line number="27" hits="0" branch="False" />
            <line number="28" hits="0" branch="False" />
            <line number="29" hits="0" branch="False" />
            <line number="30" hits="0" branch="False" />
            <line number="31" hits="0" branch="False" />
            <line number="32" hits="0" branch="False" />
            <line number="33" hits="0" branch="False" />
            <line number="34" hits="0" branch="False" />
            <line number="35" hits="0" branch="False" />
            <line number="36" hits="0" branch="False" />
            <line number="37" hits="0" branch="False" />
            <line number="38" hits="0" branch="False" />
            <line number="39" hits="0" branch="False" />
            <line number="40" hits="0" branch="False" />
            <line number="41" hits="0" branch="False" />
            <line number="42" hits="0" branch="False" />
            <line number="43" hits="0" branch="False" />
            <line number="44" hits="0" branch="False" />
            <line number="45" hits="0" branch="False" />
            <line number="46" hits="0" branch="False" />
            <line number="47" hits="0" branch="False" />
            <line number="48" hits="18" branch="False" />
            <line number="52" hits="30" branch="True" condition-coverage="68.42% (104/152)">
              <conditions>
                <condition number="13" type="jump" coverage="100%" />
                <condition number="24" type="jump" coverage="100%" />
                <condition number="32" type="jump" coverage="100%" />
                <condition number="40" type="jump" coverage="100%" />
                <condition number="51" type="jump" coverage="100%" />
                <condition number="78" type="jump" coverage="100%" />
                <condition number="86" type="jump" coverage="100%" />
                <condition number="113" type="jump" coverage="100%" />
                <condition number="140" type="jump" coverage="100%" />
                <condition number="148" type="jump" coverage="100%" />
                <condition number="156" type="jump" coverage="100%" />
                <condition number="183" type="jump" coverage="100%" />
                <condition number="210" type="jump" coverage="100%" />
                <condition number="218" type="jump" coverage="100%" />
                <condition number="245" type="jump" coverage="100%" />
                <condition number="272" type="jump" coverage="100%" />
                <condition number="283" type="jump" coverage="100%" />
                <condition number="291" type="jump" coverage="100%" />
                <condition number="299" type="jump" coverage="100%" />
                <condition number="326" type="jump" coverage="100%" />
                <condition number="353" type="jump" coverage="100%" />
                <condition number="361" type="jump" coverage="100%" />
                <condition number="388" type="jump" coverage="100%" />
                <condition number="415" type="jump" coverage="100%" />
                <condition number="423" type="jump" coverage="100%" />
                <condition number="431" type="jump" coverage="50%" />
                <condition number="455" type="jump" coverage="100%" />
                <condition number="482" type="jump" coverage="100%" />
                <condition number="490" type="jump" coverage="100%" />
                <condition number="514" type="jump" coverage="100%" />
                <condition number="167" type="jump" coverage="50%" />
                <condition number="337" type="jump" coverage="50%" />
                <condition number="97" type="jump" coverage="50%" />
                <condition number="372" type="jump" coverage="50%" />
                <condition number="229" type="jump" coverage="50%" />
                <condition number="525" type="jump" coverage="50%" />
                <condition number="466" type="jump" coverage="50%" />
                <condition number="124" type="jump" coverage="50%" />
                <condition number="498" type="jump" coverage="50%" />
                <condition number="439" type="jump" coverage="50%" />
                <condition number="62" type="jump" coverage="50%" />
                <condition number="399" type="jump" coverage="50%" />
                <condition number="310" type="jump" coverage="50%" />
                <condition number="256" type="jump" coverage="50%" />
                <condition number="194" type="jump" coverage="50%" />
                <condition number="546" type="jump" coverage="0%" />
                <condition number="567" type="jump" coverage="50%" />
                <condition number="588" type="jump" coverage="50%" />
                <condition number="609" type="jump" coverage="50%" />
                <condition number="630" type="jump" coverage="50%" />
                <condition number="651" type="jump" coverage="50%" />
                <condition number="672" type="jump" coverage="50%" />
                <condition number="693" type="jump" coverage="50%" />
                <condition number="714" type="jump" coverage="50%" />
                <condition number="735" type="jump" coverage="50%" />
                <condition number="756" type="jump" coverage="50%" />
                <condition number="777" type="jump" coverage="50%" />
                <condition number="798" type="jump" coverage="50%" />
                <condition number="819" type="jump" coverage="50%" />
                <condition number="840" type="jump" coverage="50%" />
                <condition number="861" type="jump" coverage="50%" />
                <condition number="882" type="jump" coverage="50%" />
                <condition number="903" type="jump" coverage="50%" />
                <condition number="924" type="jump" coverage="50%" />
                <condition number="945" type="jump" coverage="50%" />
                <condition number="966" type="jump" coverage="50%" />
                <condition number="987" type="jump" coverage="50%" />
                <condition number="1008" type="jump" coverage="50%" />
                <condition number="1029" type="jump" coverage="50%" />
                <condition number="1050" type="jump" coverage="50%" />
                <condition number="1071" type="jump" coverage="50%" />
                <condition number="1092" type="jump" coverage="50%" />
                <condition number="1113" type="jump" coverage="50%" />
                <condition number="1134" type="jump" coverage="50%" />
                <condition number="1155" type="jump" coverage="50%" />
                <condition number="1176" type="jump" coverage="50%" />
              </conditions>
            </line>
            <line number="53" hits="30" branch="False" />
            <line number="54" hits="0" branch="False" />
            <line number="55" hits="1" branch="False" />
            <line number="56" hits="1" branch="False" />
            <line number="57" hits="1" branch="False" />
            <line number="58" hits="1" branch="False" />
            <line number="59" hits="1" branch="False" />
            <line number="60" hits="1" branch="False" />
            <line number="61" hits="1" branch="False" />
            <line number="62" hits="1" branch="False" />
            <line number="63" hits="1" branch="False" />
            <line number="64" hits="1" branch="False" />
            <line number="65" hits="1" branch="False" />
            <line number="66" hits="1" branch="False" />
            <line number="67" hits="1" branch="False" />
            <line number="68" hits="1" branch="False" />
            <line number="69" hits="1" branch="False" />
            <line number="70" hits="1" branch="False" />
            <line number="71" hits="1" branch="False" />
            <line number="72" hits="1" branch="False" />
            <line number="73" hits="1" branch="False" />
            <line number="74" hits="1" branch="False" />
            <line number="75" hits="1" branch="False" />
            <line number="76" hits="1" branch="False" />
            <line number="77" hits="1" branch="False" />
            <line number="78" hits="1" branch="False" />
            <line number="79" hits="1" branch="False" />
            <line number="80" hits="1" branch="False" />
            <line number="81" hits="1" branch="False" />
            <line number="82" hits="1" branch="False" />
            <line number="83" hits="1" branch="False" />
            <line number="84" hits="1" branch="False" />
            <line number="85" hits="0" branch="False" />
            <line number="86" hits="30" branch="False" />
            <line number="91" hits="206" branch="False" />
            <line number="95" hits="20" branch="False" />
            <line number="99" hits="0" branch="False" />
            <line number="103" hits="28" branch="False" />
          </lines>
        </class>
      </classes>
    </package>
    <package name="Microsoft.Quic" line-rate="0.3145" branch-rate="0.35710000000000003" complexity="200">
      <classes>
        <class name="Microsoft.Quic.QUIC_BUFFER" filename="/home/runner/work/MsQuic.Net/MsQuic.Net/Microsoft.Quic/Compatibility/QUIC_BUFFER.cs" line-rate="0.2" branch-rate="0" complexity="10">
          <methods>
            <method name="get_Span" signature="()" line-rate="1" branch-rate="1" complexity="1">
              <lines>
                <line number="10" hits="20" branch="False" />
              </lines>
            </method>
            <method name="get_ReadOnlySpan" signature="()" line-rate="1" branch-rate="1" complexity="1">
              <lines>
                <line number="11" hits="9" branch="False" />
              </lines>
            </method>
            <method name="op_Implicit" signature="(Microsoft.Quic.QUIC_BUFFER)" line-rate="0" branch-rate="1" complexity="1">
              <lines>
                <line number="14" hits="0" branch="False" />
              </lines>
            </method>
            <method name="op_Implicit" signature="(Microsoft.Quic.QUIC_BUFFER)" line-rate="0" branch-rate="1" complexity="1">
              <lines>
                <line number="17" hits="0" branch="False" />
              </lines>
            </method>
            <method name="Equals" signature="(Microsoft.Quic.QUIC_BUFFER)" line-rate="0" branch-rate="0" complexity="2">
              <lines>
                <line number="22" hits="0" branch="True" condition-coverage="0% (0/2)">
                  <conditions>
                    <condition number="12" type="jump" coverage="0%" />
                  </conditions>
                </line>
                <line number="23" hits="0" branch="False" />
              </lines>
            </method>
            <method name="Equals" signature="(System.Object)" line-rate="0" branch-rate="1" complexity="1">
              <lines>
                <line number="27" hits="0" branch="False" />
              </lines>
            </method>
            <method name="op_Equality" signature="(Microsoft.Quic.QUIC_BUFFER,Microsoft.Quic.QUIC_BUFFER)" line-rate="0" branch-rate="1" complexity="1">
              <lines>
                <line number="31" hits="0" branch="False" />
              </lines>
            </method>
            <method name="op_Inequality" signature="(Microsoft.Quic.QUIC_BUFFER,Microsoft.Quic.QUIC_BUFFER)" line-rate="0" branch-rate="1" complexity="1">
              <lines>
                <line number="35" hits="0" branch="False" />
              </lines>
            </method>
            <method name="GetHashCode" signature="()" line-rate="0" branch-rate="1" complexity="1">
              <lines>
                <line number="39" hits="0" branch="False" />
              </lines>
            </method>
          </methods>
          <lines>
            <line number="10" hits="20" branch="False" />
            <line number="11" hits="9" branch="False" />
            <line number="14" hits="0" branch="False" />
            <line number="17" hits="0" branch="False" />
            <line number="22" hits="0" branch="True" condition-coverage="0% (0/2)">
              <conditions>
                <condition number="12" type="jump" coverage="0%" />
              </conditions>
            </line>
            <line number="23" hits="0" branch="False" />
            <line number="27" hits="0" branch="False" />
            <line number="31" hits="0" branch="False" />
            <line number="35" hits="0" branch="False" />
            <line number="39" hits="0" branch="False" />
          </lines>
        </class>
        <class name="Microsoft.Quic.MsQuic" filename="/home/runner/work/MsQuic.Net/MsQuic.Net/Microsoft.Quic/MsQuic.cs" line-rate="0.9152" branch-rate="0.5" complexity="21">
          <methods>
            <method name="Init" signature="()" line-rate="1" branch-rate="1" complexity="1">
              <lines>
                <line number="47" hits="1" branch="False" />
              </lines>
            </method>
            <method name="Open" signature="()" line-rate="1" branch-rate="1" complexity="1">
              <lines>
                <line number="52" hits="19" branch="False" />
                <line number="53" hits="19" branch="False" />
              </lines>
            </method>
            <method name="Close" signature="(Microsoft.Quic.QUIC_API_TABLE*)" line-rate="1" branch-rate="1" complexity="1">
              <lines>
                <line number="57" hits="19" branch="False" />
              </lines>
            </method>
            <method name="AssertSuccess" signature="(System.Int32)" line-rate="1" branch-rate="1" complexity="1">
              <lines>
                <line number="60" hits="135" branch="False" />
              </lines>
            </method>
            <method name="AssertNotFailure" signature="(System.Int32)" line-rate="1" branch-rate="1" complexity="1">
              <lines>
                <line number="63" hits="9" branch="False" />
              </lines>
            </method>
            <method name="Assert" signature="(System.Boolean,System.Int32)" line-rate="1" branch-rate="0.5" complexity="2">
              <lines>
                <line number="69" hits="144" branch="True" condition-coverage="50% (1/2)">
                  <conditions>
                    <condition number="1" type="jump" coverage="50%" />
                  </conditions>
                </line>
                <line number="70" hits="144" branch="False" />
              </lines>
            </method>
            <method name="IsSuccess" signature="(System.Int32)" line-rate="1" branch-rate="1" complexity="1">
              <lines>
                <line number="74" hits="206" branch="False" />
              </lines>
            </method>
            <method name="IsPending" signature="(System.Int32)" line-rate="1" branch-rate="1" complexity="1">
              <lines>
                <line number="78" hits="20" branch="False" />
              </lines>
            </method>
            <method name="IsContinue" signature="(System.Int32)" line-rate="0" branch-rate="1" complexity="1">
              <lines>
                <line number="82" hits="0" branch="False" />
              </lines>
            </method>
            <method name="IsFailure" signature="(System.Int32)" line-rate="1" branch-rate="1" complexity="1">
              <lines>
                <line number="86" hits="28" branch="False" />
              </lines>
            </method>
            <method name="GetNameForStatus" signature="(System.Int32)" line-rate="1" branch-rate="1" complexity="1">
              <lines>
                <line number="93" hits="18" branch="False" />
              </lines>
            </method>
            <method name="ResolveNameToStatus" signature="(System.String)" line-rate="1" branch-rate="1" complexity="1">
              <lines>
                <line number="97" hits="30" branch="False" />
              </lines>
            </method>
            <method name=".cctor" signature="()" line-rate="0.9111" branch-rate="0.5" complexity="8">
              <lines>
                <line number="27" hits="1" branch="False" />
                <line number="28" hits="1" branch="False" />
                <line number="29" hits="1" branch="True" condition-coverage="50% (1/2)">
                  <conditions>
                    <condition number="516" type="jump" coverage="50%" />
                  </conditions>
                </line>
                <line number="31" hits="0" branch="False" />
                <line number="32" hits="0" branch="True" condition-coverage="50% (1/2)">
                  <conditions>
                    <condition number="557" type="jump" coverage="50%" />
                  </conditions>
                </line>
                <line number="33" hits="0" branch="False" />
                <line number="37" hits="1" branch="True" condition-coverage="50% (1/2)">
                  <conditions>
                    <condition number="580" type="jump" coverage="50%" />
                  </conditions>
                </line>
                <line number="38" hits="1" branch="False" />
                <line number="39" hits="1" branch="False" />
                <line number="40" hits="1" branch="False" />
                <line number="41" hits="1" branch="True" condition-coverage="50% (1/2)">
                  <conditions>
                    <condition number="640" type="jump" coverage="50%" />
                  </conditions>
                </line>
                <line number="42" hits="0" branch="False" />
                <line number="44" hits="1" branch="False" />
                <line number="88" hits="1" branch="False" />
                <line number="89" hits="1" branch="False" />
                <line number="101" hits="1" branch="False" />
                <line number="102" hits="1" branch="False" />
                <line number="103" hits="1" branch="False" />
                <line number="104" hits="1" branch="False" />
                <line number="105" hits="1" branch="False" />
                <line number="106" hits="1" branch="False" />
                <line number="107" hits="1" branch="False" />
                <line number="108" hits="1" branch="False" />
                <line number="109" hits="1" branch="False" />
                <line number="110" hits="1" branch="False" />
                <line number="111" hits="1" branch="False" />
                <line number="112" hits="1" branch="False" />
                <line number="113" hits="1" branch="False" />
                <line number="114" hits="1" branch="False" />
                <line number="115" hits="1" branch="False" />
                <line number="116" hits="1" branch="False" />
                <line number="117" hits="1" branch="False" />
                <line number="118" hits="1" branch="False" />
                <line number="119" hits="1" branch="False" />
                <line number="120" hits="1" branch="False" />
                <line number="121" hits="1" branch="False" />
                <line number="122" hits="1" branch="False" />
                <line number="123" hits="1" branch="False" />
                <line number="124" hits="1" branch="False" />
                <line number="125" hits="1" branch="False" />
                <line number="126" hits="1" branch="False" />
                <line number="127" hits="1" branch="False" />
                <line number="128" hits="1" branch="False" />
                <line number="129" hits="1" branch="False" />
                <line number="130" hits="1" branch="False" />
              </lines>
            </method>
          </methods>
          <lines>
            <line number="47" hits="1" branch="False" />
            <line number="52" hits="19" branch="False" />
            <line number="53" hits="19" branch="False" />
            <line number="57" hits="19" branch="False" />
            <line number="60" hits="135" branch="False" />
            <line number="63" hits="9" branch="False" />
            <line number="69" hits="144" branch="True" condition-coverage="50% (1/2)">
              <conditions>
                <condition number="1" type="jump" coverage="50%" />
              </conditions>
            </line>
            <line number="70" hits="144" branch="False" />
            <line number="74" hits="206" branch="False" />
            <line number="78" hits="20" branch="False" />
            <line number="82" hits="0" branch="False" />
            <line number="86" hits="28" branch="False" />
            <line number="93" hits="18" branch="False" />
            <line number="97" hits="30" branch="False" />
            <line number="27" hits="1" branch="False" />
            <line number="28" hits="1" branch="False" />
            <line number="29" hits="1" branch="True" condition-coverage="50% (1/2)">
              <conditions>
                <condition number="516" type="jump" coverage="50%" />
              </conditions>
            </line>
            <line number="31" hits="0" branch="False" />
            <line number="32" hits="0" branch="True" condition-coverage="50% (1/2)">
              <conditions>
                <condition number="557" type="jump" coverage="50%" />
              </conditions>
            </line>
            <line number="33" hits="0" branch="False" />
            <line number="37" hits="1" branch="True" condition-coverage="50% (1/2)">
              <conditions>
                <condition number="580" type="jump" coverage="50%" />
              </conditions>
            </line>
            <line number="38" hits="1" branch="False" />
            <line number="39" hits="1" branch="False" />
            <line number="40" hits="1" branch="False" />
            <line number="41" hits="1" branch="True" condition-coverage="50% (1/2)">
              <conditions>
                <condition number="640" type="jump" coverage="50%" />
              </conditions>
            </line>
            <line number="42" hits="0" branch="False" />
            <line number="44" hits="1" branch="False" />
            <line number="88" hits="1" branch="False" />
            <line number="89" hits="1" branch="False" />
            <line number="101" hits="1" branch="False" />
            <line number="102" hits="1" branch="False" />
            <line number="103" hits="1" branch="False" />
            <line number="104" hits="1" branch="False" />
            <line number="105" hits="1" branch="False" />
            <line number="106" hits="1" branch="False" />
            <line number="107" hits="1" branch="False" />
            <line number="108" hits="1" branch="False" />
            <line number="109" hits="1" branch="False" />
            <line number="110" hits="1" branch="False" />
            <line number="111" hits="1" branch="False" />
            <line number="112" hits="1" branch="False" />
            <line number="113" hits="1" branch="False" />
            <line number="114" hits="1" branch="False" />
            <line number="115" hits="1" branch="False" />
            <line number="116" hits="1" branch="False" />
            <line number="117" hits="1" branch="False" />
            <line number="118" hits="1" branch="False" />
            <line number="119" hits="1" branch="False" />
            <line number="120" hits="1" branch="False" />
            <line number="121" hits="1" branch="False" />
            <line number="122" hits="1" branch="False" />
            <line number="123" hits="1" branch="False" />
            <line number="124" hits="1" branch="False" />
            <line number="125" hits="1" branch="False" />
            <line number="126" hits="1" branch="False" />
            <line number="127" hits="1" branch="False" />
            <line number="128" hits="1" branch="False" />
            <line number="129" hits="1" branch="False" />
            <line number="130" hits="1" branch="False" />
          </lines>
        </class>
        <class name="Microsoft.Quic.QUIC_CONNECTION_EVENT" filename="/home/runner/work/MsQuic.Net/MsQuic.Net/Microsoft.Quic/Generated/QUIC_CONNECTION_EVENT.cs" line-rate="0.7333" branch-rate="1" complexity="15">
          <methods>
            <method name="get_CONNECTED" signature="()" line-rate="1" branch-rate="1" complexity="1">
              <lines>
                <line number="23" hits="20" branch="False" />
              </lines>
            </method>
            <method name="get_SHUTDOWN_INITIATED_BY_TRANSPORT" signature="()" line-rate="0" branch-rate="1" complexity="1">
              <lines>
                <line number="32" hits="0" branch="False" />
              </lines>
            </method>
            <method name="get_SHUTDOWN_INITIATED_BY_PEER" signature="()" line-rate="1" branch-rate="1" complexity="1">
              <lines>
                <line number="41" hits="3" branch="False" />
              </lines>
            </method>
            <method name="get_SHUTDOWN_COMPLETE" signature="()" line-rate="0" branch-rate="1" complexity="1">
              <lines>
                <line number="50" hits="0" branch="False" />
              </lines>
            </method>
            <method name="get_LOCAL_ADDRESS_CHANGED" signature="()" line-rate="0" branch-rate="1" complexity="1">
              <lines>
                <line number="59" hits="0" branch="False" />
              </lines>
            </method>
            <method name="get_PEER_ADDRESS_CHANGED" signature="()" line-rate="0" branch-rate="1" complexity="1">
              <lines>
                <line number="68" hits="0" branch="False" />
              </lines>
            </method>
            <method name="get_PEER_STREAM_STARTED" signature="()" line-rate="1" branch-rate="1" complexity="1">
              <lines>
                <line number="77" hits="9" branch="False" />
              </lines>
            </method>
            <method name="get_STREAMS_AVAILABLE" signature="()" line-rate="1" branch-rate="1" complexity="1">
              <lines>
                <line number="86" hits="11" branch="False" />
              </lines>
            </method>
            <method name="get_IDEAL_PROCESSOR_CHANGED" signature="()" line-rate="1" branch-rate="1" complexity="1">
              <lines>
                <line number="95" hits="13" branch="False" />
              </lines>
            </method>
            <method name="get_DATAGRAM_STATE_CHANGED" signature="()" line-rate="1" branch-rate="1" complexity="1">
              <lines>
                <line number="104" hits="55" branch="False" />
              </lines>
            </method>
            <method name="get_DATAGRAM_RECEIVED" signature="()" line-rate="1" branch-rate="1" complexity="1">
              <lines>
                <line number="113" hits="4" branch="False" />
              </lines>
            </method>
            <method name="get_DATAGRAM_SEND_STATE_CHANGED" signature="()" line-rate="1" branch-rate="1" complexity="1">
              <lines>
                <line number="122" hits="8" branch="False" />
              </lines>
            </method>
            <method name="get_RESUMED" signature="()" line-rate="1" branch-rate="1" complexity="1">
              <lines>
                <line number="131" hits="1" branch="False" />
              </lines>
            </method>
            <method name="get_RESUMPTION_TICKET_RECEIVED" signature="()" line-rate="1" branch-rate="1" complexity="1">
              <lines>
                <line number="140" hits="9" branch="False" />
              </lines>
            </method>
            <method name="get_PEER_CERTIFICATE_RECEIVED" signature="()" line-rate="1" branch-rate="1" complexity="1">
              <lines>
                <line number="149" hits="9" branch="False" />
              </lines>
            </method>
          </methods>
          <lines>
            <line number="23" hits="20" branch="False" />
            <line number="32" hits="0" branch="False" />
            <line number="41" hits="3" branch="False" />
            <line number="50" hits="0" branch="False" />
            <line number="59" hits="0" branch="False" />
            <line number="68" hits="0" branch="False" />
            <line number="77" hits="9" branch="False" />
            <line number="86" hits="11" branch="False" />
            <line number="95" hits="13" branch="False" />
            <line number="104" hits="55" branch="False" />
            <line number="113" hits="4" branch="False" />
            <line number="122" hits="8" branch="False" />
            <line number="131" hits="1" branch="False" />
            <line number="140" hits="9" branch="False" />
            <line number="149" hits="9" branch="False" />
          </lines>
        </class>
        <class name="Microsoft.Quic.QUIC_CONNECTION_EVENT/_Anonymous_e__Union/_SHUTDOWN_COMPLETE_e__Struct" filename="/home/runner/work/MsQuic.Net/MsQuic.Net/Microsoft.Quic/Generated/QUIC_CONNECTION_EVENT.cs" line-rate="0" branch-rate="1" complexity="6">
          <methods>
            <method name="get_HandshakeCompleted" signature="()" line-rate="0" branch-rate="1" complexity="1">
              <lines>
                <line number="250" hits="0" branch="False" />
              </lines>
            </method>
            <method name="set_HandshakeCompleted" signature="(System.Byte)" line-rate="0" branch-rate="1" complexity="1">
              <lines>
                <line number="256" hits="0" branch="False" />
                <line number="257" hits="0" branch="False" />
              </lines>
            </method>
            <method name="get_PeerAcknowledgedShutdown" signature="()" line-rate="0" branch-rate="1" complexity="1">
              <lines>
                <line number="266" hits="0" branch="False" />
              </lines>
            </method>
            <method name="set_PeerAcknowledgedShutdown" signature="(System.Byte)" line-rate="0" branch-rate="1" complexity="1">
              <lines>
                <line number="272" hits="0" branch="False" />
                <line number="273" hits="0" branch="False" />
              </lines>
            </method>
            <method name="get_AppCloseInProgress" signature="()" line-rate="0" branch-rate="1" complexity="1">
              <lines>
                <line number="282" hits="0" branch="False" />
              </lines>
            </method>
            <method name="set_AppCloseInProgress" signature="(System.Byte)" line-rate="0" branch-rate="1" complexity="1">
              <lines>
                <line number="288" hits="0" branch="False" />
                <line number="289" hits="0" branch="False" />
              </lines>
            </method>
          </methods>
          <lines>
            <line number="250" hits="0" branch="False" />
            <line number="256" hits="0" branch="False" />
            <line number="257" hits="0" branch="False" />
            <line number="266" hits="0" branch="False" />
            <line number="272" hits="0" branch="False" />
            <line number="273" hits="0" branch="False" />
            <line number="282" hits="0" branch="False" />
            <line number="288" hits="0" branch="False" />
            <line number="289" hits="0" branch="False" />
          </lines>
        </class>
        <class name="Microsoft.Quic.QUIC_CREDENTIAL_CONFIG" filename="/home/runner/work/MsQuic.Net/MsQuic.Net/Microsoft.Quic/Generated/QUIC_CREDENTIAL_CONFIG.cs" line-rate="0.1666" branch-rate="1" complexity="6">
          <methods>
            <method name="get_CertificateHash" signature="()" line-rate="0" branch-rate="1" complexity="1">
              <lines>
                <line number="35" hits="0" branch="False" />
              </lines>
            </method>
            <method name="get_CertificateHashStore" signature="()" line-rate="0" branch-rate="1" complexity="1">
              <lines>
                <line number="44" hits="0" branch="False" />
              </lines>
            </method>
            <method name="get_CertificateContext" signature="()" line-rate="0" branch-rate="1" complexity="1">
              <lines>
                <line number="53" hits="0" branch="False" />
              </lines>
            </method>
            <method name="get_CertificateFile" signature="()" line-rate="0" branch-rate="1" complexity="1">
              <lines>
                <line number="62" hits="0" branch="False" />
              </lines>
            </method>
            <method name="get_CertificateFileProtected" signature="()" line-rate="0" branch-rate="1" complexity="1">
              <lines>
                <line number="71" hits="0" branch="False" />
              </lines>
            </method>
            <method name="get_CertificatePkcs12" signature="()" line-rate="1" branch-rate="1" complexity="1">
              <lines>
                <line number="80" hits="19" branch="False" />
              </lines>
            </method>
          </methods>
          <lines>
            <line number="35" hits="0" branch="False" />
            <line number="44" hits="0" branch="False" />
            <line number="53" hits="0" branch="False" />
            <line number="62" hits="0" branch="False" />
            <line number="71" hits="0" branch="False" />
            <line number="80" hits="19" branch="False" />
          </lines>
        </class>
        <class name="Microsoft.Quic.QUIC_GLOBAL_SETTINGS" filename="/home/runner/work/MsQuic.Net/MsQuic.Net/Microsoft.Quic/Generated/QUIC_GLOBAL_SETTINGS.cs" line-rate="0" branch-rate="1" complexity="2">
          <methods>
            <method name="get_IsSetFlags" signature="()" line-rate="0" branch-rate="1" complexity="1">
              <lines>
                <line number="27" hits="0" branch="False" />
              </lines>
            </method>
            <method name="get_IsSet" signature="()" line-rate="0" branch-rate="1" complexity="1">
              <lines>
                <line number="36" hits="0" branch="False" />
              </lines>
            </method>
          </methods>
          <lines>
            <line number="27" hits="0" branch="False" />
            <line number="36" hits="0" branch="False" />
          </lines>
        </class>
        <class name="Microsoft.Quic.QUIC_GLOBAL_SETTINGS/_Anonymous_e__Union/_IsSet_e__Struct" filename="/home/runner/work/MsQuic.Net/MsQuic.Net/Microsoft.Quic/Generated/QUIC_GLOBAL_SETTINGS.cs" line-rate="0" branch-rate="1" complexity="6">
          <methods>
            <method name="get_RetryMemoryLimit" signature="()" line-rate="0" branch-rate="1" complexity="1">
              <lines>
                <line number="61" hits="0" branch="False" />
              </lines>
            </method>
            <method name="set_RetryMemoryLimit" signature="(System.UInt64)" line-rate="0" branch-rate="1" complexity="1">
              <lines>
                <line number="67" hits="0" branch="False" />
                <line number="68" hits="0" branch="False" />
              </lines>
            </method>
            <method name="get_LoadBalancingMode" signature="()" line-rate="0" branch-rate="1" complexity="1">
              <lines>
                <line number="77" hits="0" branch="False" />
              </lines>
            </method>
            <method name="set_LoadBalancingMode" signature="(System.UInt64)" line-rate="0" branch-rate="1" complexity="1">
              <lines>
                <line number="83" hits="0" branch="False" />
                <line number="84" hits="0" branch="False" />
              </lines>
            </method>
            <method name="get_RESERVED" signature="()" line-rate="0" branch-rate="1" complexity="1">
              <lines>
                <line number="93" hits="0" branch="False" />
              </lines>
            </method>
            <method name="set_RESERVED" signature="(System.UInt64)" line-rate="0" branch-rate="1" complexity="1">
              <lines>
                <line number="99" hits="0" branch="False" />
                <line number="100" hits="0" branch="False" />
              </lines>
            </method>
          </methods>
          <lines>
            <line number="61" hits="0" branch="False" />
            <line number="67" hits="0" branch="False" />
            <line number="68" hits="0" branch="False" />
            <line number="77" hits="0" branch="False" />
            <line number="83" hits="0" branch="False" />
            <line number="84" hits="0" branch="False" />
            <line number="93" hits="0" branch="False" />
            <line number="99" hits="0" branch="False" />
            <line number="100" hits="0" branch="False" />
          </lines>
        </class>
        <class name="Microsoft.Quic.QUIC_LISTENER_EVENT" filename="/home/runner/work/MsQuic.Net/MsQuic.Net/Microsoft.Quic/Generated/QUIC_LISTENER_EVENT.cs" line-rate="0.5" branch-rate="1" complexity="2">
          <methods>
            <method name="get_NEW_CONNECTION" signature="()" line-rate="1" branch-rate="1" complexity="1">
              <lines>
                <line number="23" hits="10" branch="False" />
              </lines>
            </method>
            <method name="get_STOP_COMPLETE" signature="()" line-rate="0" branch-rate="1" complexity="1">
              <lines>
                <line number="32" hits="0" branch="False" />
              </lines>
            </method>
          </methods>
          <lines>
            <line number="23" hits="10" branch="False" />
            <line number="32" hits="0" branch="False" />
          </lines>
        </class>
        <class name="Microsoft.Quic.QUIC_LISTENER_EVENT/_Anonymous_e__Union/_STOP_COMPLETE_e__Struct" filename="/home/runner/work/MsQuic.Net/MsQuic.Net/Microsoft.Quic/Generated/QUIC_LISTENER_EVENT.cs" line-rate="0" branch-rate="1" complexity="4">
          <methods>
            <method name="get_AppCloseInProgress" signature="()" line-rate="0" branch-rate="1" complexity="1">
              <lines>
                <line number="66" hits="0" branch="False" />
              </lines>
            </method>
[...]
              <lines>
                <line number="55" hits="0" branch="False" />
              </lines>
            </method>
            <method name="set_ResumptionAttempted" signature="(System.UInt32)" line-rate="0" branch-rate="1" complexity="1">
              <lines>
                <line number="61" hits="0" branch="False" />
                <line number="62" hits="0" branch="False" />
              </lines>
            </method>
            <method name="get_ResumptionSucceeded" signature="()" line-rate="0" branch-rate="1" complexity="1">
              <lines>
                <line number="71" hits="0" branch="False" />
              </lines>
            </method>
            <method name="set_ResumptionSucceeded" signature="(System.UInt32)" line-rate="0" branch-rate="1" complexity="1">
              <lines>
                <line number="77" hits="0" branch="False" />
                <line number="78" hits="0" branch="False" />
              </lines>
            </method>
          </methods>
          <lines>
            <line number="23" hits="0" branch="False" />
            <line number="29" hits="0" branch="False" />
            <line number="30" hits="0" branch="False" />
            <line number="39" hits="0" branch="False" />
            <line number="45" hits="0" branch="False" />
            <line number="46" hits="0" branch="False" />
            <line number="55" hits="0" branch="False" />
            <line number="61" hits="0" branch="False" />
            <line number="62" hits="0" branch="False" />
            <line number="71" hits="0" branch="False" />
            <line number="77" hits="0" branch="False" />
            <line number="78" hits="0" branch="False" />
          </lines>
        </class>
        <class name="Microsoft.Quic.QUIC_STATISTICS_V2" filename="/home/runner/work/MsQuic.Net/MsQuic.Net/Microsoft.Quic/Generated/QUIC_STATISTICS_V2.cs" line-rate="0" branch-rate="1" complexity="8">
          <methods>
            <method name="get_VersionNegotiation" signature="()" line-rate="0" branch-rate="1" complexity="1">
              <lines>
                <line number="23" hits="0" branch="False" />
              </lines>
            </method>
            <method name="set_VersionNegotiation" signature="(System.UInt32)" line-rate="0" branch-rate="1" complexity="1">
              <lines>
                <line number="29" hits="0" branch="False" />
                <line number="30" hits="0" branch="False" />
              </lines>
            </method>
            <method name="get_StatelessRetry" signature="()" line-rate="0" branch-rate="1" complexity="1">
              <lines>
                <line number="39" hits="0" branch="False" />
              </lines>
            </method>
            <method name="set_StatelessRetry" signature="(System.UInt32)" line-rate="0" branch-rate="1" complexity="1">
              <lines>
                <line number="45" hits="0" branch="False" />
                <line number="46" hits="0" branch="False" />
              </lines>
            </method>
            <method name="get_ResumptionAttempted" signature="()" line-rate="0" branch-rate="1" complexity="1">
              <lines>
                <line number="55" hits="0" branch="False" />
              </lines>
            </method>
            <method name="set_ResumptionAttempted" signature="(System.UInt32)" line-rate="0" branch-rate="1" complexity="1">
              <lines>
                <line number="61" hits="0" branch="False" />
                <line number="62" hits="0" branch="False" />
              </lines>
            </method>
            <method name="get_ResumptionSucceeded" signature="()" line-rate="0" branch-rate="1" complexity="1">
              <lines>
                <line number="71" hits="0" branch="False" />
              </lines>
            </method>
            <method name="set_ResumptionSucceeded" signature="(System.UInt32)" line-rate="0" branch-rate="1" complexity="1">
              <lines>
                <line number="77" hits="0" branch="False" />
                <line number="78" hits="0" branch="False" />
              </lines>
            </method>
          </methods>
          <lines>
            <line number="23" hits="0" branch="False" />
            <line number="29" hits="0" branch="False" />
            <line number="30" hits="0" branch="False" />
            <line number="39" hits="0" branch="False" />
            <line number="45" hits="0" branch="False" />
            <line number="46" hits="0" branch="False" />
            <line number="55" hits="0" branch="False" />
            <line number="61" hits="0" branch="False" />
            <line number="62" hits="0" branch="False" />
            <line number="71" hits="0" branch="False" />
            <line number="77" hits="0" branch="False" />
            <line number="78" hits="0" branch="False" />
          </lines>
        </class>
        <class name="Microsoft.Quic.QUIC_STREAM_EVENT" filename="/home/runner/work/MsQuic.Net/MsQuic.Net/Microsoft.Quic/Generated/QUIC_STREAM_EVENT.cs" line-rate="0.625" branch-rate="1" complexity="8">
          <methods>
            <method name="get_START_COMPLETE" signature="()" line-rate="1" branch-rate="1" complexity="1">
              <lines>
                <line number="23" hits="9" branch="False" />
              </lines>
            </method>
            <method name="get_RECEIVE" signature="()" line-rate="1" branch-rate="1" complexity="1">
              <lines>
                <line number="32" hits="5" branch="False" />
              </lines>
            </method>
            <method name="get_SEND_COMPLETE" signature="()" line-rate="1" branch-rate="1" complexity="1">
              <lines>
                <line number="41" hits="5" branch="False" />
              </lines>
            </method>
            <method name="get_PEER_SEND_ABORTED" signature="()" line-rate="0" branch-rate="1" complexity="1">
              <lines>
                <line number="50" hits="0" branch="False" />
              </lines>
            </method>
            <method name="get_PEER_RECEIVE_ABORTED" signature="()" line-rate="0" branch-rate="1" complexity="1">
              <lines>
                <line number="59" hits="0" branch="False" />
              </lines>
            </method>
            <method name="get_SEND_SHUTDOWN_COMPLETE" signature="()" line-rate="1" branch-rate="1" complexity="1">
              <lines>
                <line number="68" hits="12" branch="False" />
              </lines>
            </method>
            <method name="get_SHUTDOWN_COMPLETE" signature="()" line-rate="1" branch-rate="1" complexity="1">
              <lines>
                <line number="77" hits="18" branch="False" />
              </lines>
            </method>
            <method name="get_IDEAL_SEND_BUFFER_SIZE" signature="()" line-rate="0" branch-rate="1" complexity="1">
              <lines>
                <line number="86" hits="0" branch="False" />
              </lines>
            </method>
          </methods>
          <lines>
            <line number="23" hits="9" branch="False" />
            <line number="32" hits="5" branch="False" />
            <line number="41" hits="5" branch="False" />
            <line number="50" hits="0" branch="False" />
            <line number="59" hits="0" branch="False" />
            <line number="68" hits="12" branch="False" />
            <line number="77" hits="18" branch="False" />
            <line number="86" hits="0" branch="False" />
          </lines>
        </class>
        <class name="Microsoft.Quic.QUIC_STREAM_EVENT/_Anonymous_e__Union/_START_COMPLETE_e__Struct" filename="/home/runner/work/MsQuic.Net/MsQuic.Net/Microsoft.Quic/Generated/QUIC_STREAM_EVENT.cs" line-rate="0.1666" branch-rate="1" complexity="4">
          <methods>
            <method name="get_PeerAccepted" signature="()" line-rate="1" branch-rate="1" complexity="1">
              <lines>
                <line number="141" hits="9" branch="False" />
              </lines>
            </method>
            <method name="set_PeerAccepted" signature="(System.Byte)" line-rate="0" branch-rate="1" complexity="1">
              <lines>
                <line number="147" hits="0" branch="False" />
                <line number="148" hits="0" branch="False" />
              </lines>
            </method>
            <method name="get_RESERVED" signature="()" line-rate="0" branch-rate="1" complexity="1">
              <lines>
                <line number="157" hits="0" branch="False" />
              </lines>
            </method>
            <method name="set_RESERVED" signature="(System.Byte)" line-rate="0" branch-rate="1" complexity="1">
              <lines>
                <line number="163" hits="0" branch="False" />
                <line number="164" hits="0" branch="False" />
              </lines>
            </method>
          </methods>
          <lines>
            <line number="141" hits="9" branch="False" />
            <line number="147" hits="0" branch="False" />
            <line number="148" hits="0" branch="False" />
            <line number="157" hits="0" branch="False" />
            <line number="163" hits="0" branch="False" />
            <line number="164" hits="0" branch="False" />
          </lines>
        </class>
        <class name="Microsoft.Quic.QUIC_STREAM_EVENT/_Anonymous_e__Union/_SHUTDOWN_COMPLETE_e__Struct" filename="/home/runner/work/MsQuic.Net/MsQuic.Net/Microsoft.Quic/Generated/QUIC_STREAM_EVENT.cs" line-rate="0.1666" branch-rate="1" complexity="4">
          <methods>
            <method name="get_AppCloseInProgress" signature="()" line-rate="1" branch-rate="1" complexity="1">
              <lines>
                <line number="224" hits="18" branch="False" />
              </lines>
            </method>
            <method name="set_AppCloseInProgress" signature="(System.Byte)" line-rate="0" branch-rate="1" complexity="1">
              <lines>
                <line number="230" hits="0" branch="False" />
                <line number="231" hits="0" branch="False" />
              </lines>
            </method>
            <method name="get_RESERVED" signature="()" line-rate="0" branch-rate="1" complexity="1">
              <lines>
                <line number="240" hits="0" branch="False" />
              </lines>
            </method>
            <method name="set_RESERVED" signature="(System.Byte)" line-rate="0" branch-rate="1" complexity="1">
              <lines>
                <line number="246" hits="0" branch="False" />
                <line number="247" hits="0" branch="False" />
              </lines>
            </method>
          </methods>
          <lines>
            <line number="224" hits="18" branch="False" />
            <line number="230" hits="0" branch="False" />
            <line number="231" hits="0" branch="False" />
            <line number="240" hits="0" branch="False" />
            <line number="246" hits="0" branch="False" />
            <line number="247" hits="0" branch="False" />
          </lines>
        </class>
        <class name="Microsoft.Quic.QUIC_TLS_SECRETS/_IsSet_e__Struct" filename="/home/runner/work/MsQuic.Net/MsQuic.Net/Microsoft.Quic/Generated/QUIC_TLS_SECRETS.cs" line-rate="0" branch-rate="1" complexity="12">
          <methods>
            <method name="get_ClientRandom" signature="()" line-rate="0" branch-rate="1" complexity="1">
              <lines>
                <line number="46" hits="0" branch="False" />
              </lines>
            </method>
            <method name="set_ClientRandom" signature="(System.Byte)" line-rate="0" branch-rate="1" complexity="1">
              <lines>
                <line number="52" hits="0" branch="False" />
                <line number="53" hits="0" branch="False" />
              </lines>
            </method>
            <method name="get_ClientEarlyTrafficSecret" signature="()" line-rate="0" branch-rate="1" complexity="1">
              <lines>
                <line number="62" hits="0" branch="False" />
              </lines>
            </method>
            <method name="set_ClientEarlyTrafficSecret" signature="(System.Byte)" line-rate="0" branch-rate="1" complexity="1">
              <lines>
                <line number="68" hits="0" branch="False" />
                <line number="69" hits="0" branch="False" />
              </lines>
            </method>
            <method name="get_ClientHandshakeTrafficSecret" signature="()" line-rate="0" branch-rate="1" complexity="1">
              <lines>
                <line number="78" hits="0" branch="False" />
              </lines>
            </method>
            <method name="set_ClientHandshakeTrafficSecret" signature="(System.Byte)" line-rate="0" branch-rate="1" complexity="1">
              <lines>
                <line number="84" hits="0" branch="False" />
                <line number="85" hits="0" branch="False" />
              </lines>
            </method>
            <method name="get_ServerHandshakeTrafficSecret" signature="()" line-rate="0" branch-rate="1" complexity="1">
              <lines>
                <line number="94" hits="0" branch="False" />
              </lines>
            </method>
            <method name="set_ServerHandshakeTrafficSecret" signature="(System.Byte)" line-rate="0" branch-rate="1" complexity="1">
              <lines>
                <line number="100" hits="0" branch="False" />
                <line number="101" hits="0" branch="False" />
              </lines>
            </method>
            <method name="get_ClientTrafficSecret0" signature="()" line-rate="0" branch-rate="1" complexity="1">
              <lines>
                <line number="110" hits="0" branch="False" />
              </lines>
            </method>
            <method name="set_ClientTrafficSecret0" signature="(System.Byte)" line-rate="0" branch-rate="1" complexity="1">
              <lines>
                <line number="116" hits="0" branch="False" />
                <line number="117" hits="0" branch="False" />
              </lines>
            </method>
            <method name="get_ServerTrafficSecret0" signature="()" line-rate="0" branch-rate="1" complexity="1">
              <lines>
                <line number="126" hits="0" branch="False" />
              </lines>
            </method>
            <method name="set_ServerTrafficSecret0" signature="(System.Byte)" line-rate="0" branch-rate="1" complexity="1">
              <lines>
                <line number="132" hits="0" branch="False" />
                <line number="133" hits="0" branch="False" />
              </lines>
            </method>
          </methods>
          <lines>
            <line number="46" hits="0" branch="False" />
            <line number="52" hits="0" branch="False" />
            <line number="53" hits="0" branch="False" />
            <line number="62" hits="0" branch="False" />
            <line number="68" hits="0" branch="False" />
            <line number="69" hits="0" branch="False" />
            <line number="78" hits="0" branch="False" />
            <line number="84" hits="0" branch="False" />
            <line number="85" hits="0" branch="False" />
            <line number="94" hits="0" branch="False" />
            <line number="100" hits="0" branch="False" />
            <line number="101" hits="0" branch="False" />
            <line number="110" hits="0" branch="False" />
            <line number="116" hits="0" branch="False" />
            <line number="117" hits="0" branch="False" />
            <line number="126" hits="0" branch="False" />
            <line number="132" hits="0" branch="False" />
            <line number="133" hits="0" branch="False" />
          </lines>
        </class>
        <class name="Microsoft.Quic.QuicException" filename="/home/runner/work/MsQuic.Net/MsQuic.Net/Microsoft.Quic/QuicException.cs" line-rate="0" branch-rate="0" complexity="6">
          <methods>
            <method name="get_Status" signature="()" line-rate="0" branch-rate="1" complexity="1">
              <lines>
                <line number="9" hits="0" branch="False" />
              </lines>
            </method>
            <method name=".ctor" signature="(System.Int32)" line-rate="0" branch-rate="0" complexity="2">
              <lines>
                <line number="12" hits="0" branch="True" condition-coverage="0% (0/2)">
                  <conditions>
                    <condition number="8" type="jump" coverage="0%" />
                  </conditions>
                </line>
                <line number="13" hits="0" branch="False" />
              </lines>
            </method>
            <method name=".ctor" signature="()" line-rate="0" branch-rate="1" complexity="1">
              <lines>
                <line number="15" hits="0" branch="False" />
              </lines>
            </method>
            <method name=".ctor" signature="(System.String,System.Exception)" line-rate="0" branch-rate="1" complexity="1">
              <lines>
                <line number="17" hits="0" branch="False" />
              </lines>
            </method>
            <method name=".ctor" signature="(System.String)" line-rate="0" branch-rate="1" complexity="1">
              <lines>
                <line number="19" hits="0" branch="False" />
              </lines>
            </method>
          </methods>
          <lines>
            <line number="9" hits="0" branch="False" />
            <line number="12" hits="0" branch="True" condition-coverage="0% (0/2)">
              <conditions>
                <condition number="8" type="jump" coverage="0%" />
              </conditions>
            </line>
            <line number="13" hits="0" branch="False" />
            <line number="15" hits="0" branch="False" />
            <line number="17" hits="0" branch="False" />
            <line number="19" hits="0" branch="False" />
          </lines>
        </class>
      </classes>
    </package>
    <package name="Microsoft.Quic.MsQuic.PlatformSpecific" line-rate="1" branch-rate="0.5" complexity="2">
      <classes>
        <class name="Microsoft.Quic.MsQuicStatus" filename="/home/runner/work/MsQuic.Net/MsQuic.Net/Microsoft.Quic.MsQuic.PlatformSpecific/MsQuicStatus.cs" line-rate="1" branch-rate="0.5" complexity="2">
          <methods>
            <method name="GetPlatformSpecificImplementation" signature="()" line-rate="1" branch-rate="0.5" complexity="2">
              <lines>
                <line number="11" hits="1" branch="True" condition-coverage="50% (1/2)">
                  <conditions>
                    <condition number="10" type="jump" coverage="50%" />
                  </conditions>
                </line>
                <line number="12" hits="1" branch="False" />
                <line number="13" hits="1" branch="False" />
                <line number="14" hits="1" branch="False" />
                <line number="15" hits="1" branch="False" />
                <line number="16" hits="1" branch="False" />
                <line number="17" hits="1" branch="False" />
              </lines>
            </method>
          </methods>
          <lines>
            <line number="11" hits="1" branch="True" condition-coverage="50% (1/2)">
              <conditions>
                <condition number="10" type="jump" coverage="50%" />
              </conditions>
            </line>
            <line number="12" hits="1" branch="False" />
            <line number="13" hits="1" branch="False" />
            <line number="14" hits="1" branch="False" />
            <line number="15" hits="1" branch="False" />
            <line number="16" hits="1" branch="False" />
            <line number="17" hits="1" branch="False" />
          </lines>
        </class>
      </classes>
    </package>
  </packages>
</coverage>